Unity Editor version:    2022.1.20f1 (01d83b40d570)
Branch:                  2022.1/staging
Build type:              Release
Batch mode:              YES
macOS version:           Version 12.6 (Build 21G115)
Darwin version:          21.6.0
Architecture:            x86_64
Running under Rosetta:   NO
Available memory:        32768 MB
Using pre-set license
Pro License: YES

COMMAND LINE ARGUMENTS:
/Applications/Unity/Hub/Editor/2022.1.20f1/Unity.app/Contents/MacOS/Unity
-adb2
-batchMode
-noUpm
-name
AssetImportWorker1
-projectPath
/Users/marlin/Downloads/OutbreakPTO-Prototype-main
-logFile
Logs/AssetImportWorker1.log
-srvPort
49240
Successfully changed project path to: /Users/marlin/Downloads/OutbreakPTO-Prototype-main
/Users/marlin/Downloads/OutbreakPTO-Prototype-main
[UnityMemory] Configuration Parameters - Can be set up in boot.config
    "memorysetup-bucket-allocator-granularity=16"
    "memorysetup-bucket-allocator-bucket-count=8"
    "memorysetup-bucket-allocator-block-size=33554432"
    "memorysetup-bucket-allocator-block-count=8"
    "memorysetup-main-allocator-block-size=16777216"
    "memorysetup-thread-allocator-block-size=16777216"
    "memorysetup-gfx-main-allocator-block-size=16777216"
    "memorysetup-gfx-thread-allocator-block-size=16777216"
    "memorysetup-cache-allocator-block-size=4194304"
    "memorysetup-typetree-allocator-block-size=2097152"
    "memorysetup-profiler-bucket-allocator-granularity=16"
    "memorysetup-profiler-bucket-allocator-bucket-count=8"
    "memorysetup-profiler-bucket-allocator-block-size=33554432"
    "memorysetup-profiler-bucket-allocator-block-count=8"
    "memorysetup-profiler-allocator-block-size=16777216"
    "memorysetup-profiler-editor-allocator-block-size=1048576"
    "memorysetup-temp-allocator-size-main=16777216"
    "memorysetup-job-temp-allocator-block-size=2097152"
    "memorysetup-job-temp-allocator-block-size-background=1048576"
    "memorysetup-job-temp-allocator-reduction-small-platforms=262144"
    "memorysetup-temp-allocator-size-background-worker=32768"
    "memorysetup-temp-allocator-size-job-worker=262144"
    "memorysetup-temp-allocator-size-preload-manager=33554432"
    "memorysetup-temp-allocator-size-nav-mesh-worker=65536"
    "memorysetup-temp-allocator-size-audio-worker=65536"
    "memorysetup-temp-allocator-size-cloud-worker=32768"
    "memorysetup-temp-allocator-size-gi-baking-worker=262144"
    "memorysetup-temp-allocator-size-gfx=262144"
Refreshing native plugins compatible for Editor in 192.70 ms, found 3 plugins.
Preloading 0 native plugins for Editor in 0.00 ms.
Initialize engine version: 2022.1.20f1 (01d83b40d570)
[Subsystems] Discovering subsystems at path /Applications/Unity/Hub/Editor/2022.1.20f1/Unity.app/Contents/Resources/UnitySubsystems
[Subsystems] Discovering subsystems at path /Users/marlin/Downloads/OutbreakPTO-Prototype-main/Assets
GfxDevice: creating device client; threaded=0; jobified=0
iMac preferred device: AMD Radeon R9 M390 (high power)
Metal devices available: 1
0: AMD Radeon R9 M390 (high power)
Using device AMD Radeon R9 M390 (high power)
Initializing Metal device caps: AMD Radeon R9 M390
Initialize mono
Mono path[0] = '/Applications/Unity/Hub/Editor/2022.1.20f1/Unity.app/Contents/Managed'
Mono path[1] = '/Applications/Unity/Hub/Editor/2022.1.20f1/Unity.app/Contents/MonoBleedingEdge/lib/mono/unityjit-macos'
Mono config path = '/Applications/Unity/Hub/Editor/2022.1.20f1/Unity.app/Contents/MonoBleedingEdge/etc'
Using monoOptions --debugger-agent=transport=dt_socket,embedding=1,server=y,suspend=n,address=127.0.0.1:56066
Begin MonoManager ReloadAssembly
Registering precompiled unity dll's ...
Register platform support module: /Applications/Unity/Hub/Editor/2022.1.20f1/PlaybackEngines/WebGLSupport/UnityEditor.WebGL.Extensions.dll
Register platform support module: /Applications/Unity/Hub/Editor/2022.1.20f1/Unity.app/Contents/PlaybackEngines/MacStandaloneSupport/UnityEditor.OSXStandalone.Extensions.dll
Registered in 0.000897 seconds.
Native extension for OSXStandalone target not found
Native extension for WebGL target not found
Refreshing native plugins compatible for Editor in 231.54 ms, found 3 plugins.
Preloading 0 native plugins for Editor in 0.00 ms.
Mono: successfully reloaded assembly
- Completed reload, in  1.470 seconds
Domain Reload Profiling:
	ReloadAssembly (1471ms)
		BeginReloadAssembly (75ms)
			ExecutionOrderSort (0ms)
			DisableScriptedObjects (0ms)
			BackupInstance (0ms)
			ReleaseScriptingObjects (0ms)
			CreateAndSetChildDomain (1ms)
		EndReloadAssembly (1188ms)
			LoadAssemblies (74ms)
			RebuildTransferFunctionScriptingTraits (0ms)
			SetupTypeCache (298ms)
				TypeCache.Initialize (293ms)
					TypeCache.ScanAssembly (259ms)
				ResolveRequiredComponents (5ms)
			ReleaseScriptCaches (0ms)
			RebuildScriptCaches (164ms)
			SetupLoadedEditorAssemblies (618ms)
				LogAssemblyErrors (0ms)
				InitializePlatformSupportModulesInManaged (12ms)
				SetLoadedEditorAssemblies (12ms)
				RefreshPlugins (232ms)
				BeforeProcessingInitializeOnLoad (3ms)
				ProcessInitializeOnLoadAttributes (286ms)
				ProcessInitializeOnLoadMethodAttributes (74ms)
				AfterProcessingInitializeOnLoad (0ms)
				EditorAssembliesLoaded (0ms)
			ExecutionOrderSort2 (0ms)
			AwakeInstancesAfterBackupRestoration (0ms)
Platform modules already initialized, skipping
Registering precompiled user dll's ...
Registered in 0.003388 seconds.
Begin MonoManager ReloadAssembly
Symbol file LoadedFromMemory doesn't match image /Users/marlin/Downloads/OutbreakPTO-Prototype-main/Library/PackageCache/com.unity.visualscripting@1.7.8/Editor/VisualScripting.Core/Dependencies/YamlDotNet/Unity.VisualScripting.YamlDotNet.dll
Symbol file LoadedFromMemory doesn't match image /Users/marlin/Downloads/OutbreakPTO-Prototype-main/Library/PackageCache/com.unity.visualscripting@1.7.8/Editor/VisualScripting.Core/Dependencies/DotNetZip/Unity.VisualScripting.IonicZip.dll
Native extension for OSXStandalone target not found
Native extension for WebGL target not found
Refreshing native plugins compatible for Editor in 215.65 ms, found 3 plugins.
Preloading 0 native plugins for Editor in 0.00 ms.
Mono: successfully reloaded assembly
- Completed reload, in  2.570 seconds
Domain Reload Profiling:
	ReloadAssembly (2572ms)
		BeginReloadAssembly (127ms)
			ExecutionOrderSort (0ms)
			DisableScriptedObjects (8ms)
			BackupInstance (0ms)
			ReleaseScriptingObjects (0ms)
			CreateAndSetChildDomain (31ms)
		EndReloadAssembly (2279ms)
			LoadAssemblies (74ms)
			RebuildTransferFunctionScriptingTraits (0ms)
			SetupTypeCache (718ms)
				TypeCache.Initialize (659ms)
					TypeCache.ScanAssembly (654ms)
				ResolveRequiredComponents (59ms)
			ReleaseScriptCaches (1ms)
			RebuildScriptCaches (154ms)
			SetupLoadedEditorAssemblies (1172ms)
				LogAssemblyErrors (0ms)
				InitializePlatformSupportModulesInManaged (6ms)
				SetLoadedEditorAssemblies (10ms)
				RefreshPlugins (216ms)
				BeforeProcessingInitializeOnLoad (197ms)
				ProcessInitializeOnLoadAttributes (559ms)
				ProcessInitializeOnLoadMethodAttributes (184ms)
				AfterProcessingInitializeOnLoad (1ms)
				EditorAssembliesLoaded (0ms)
			ExecutionOrderSort2 (0ms)
			AwakeInstancesAfterBackupRestoration (5ms)
Platform modules already initialized, skipping
========================================================================
Worker process is ready to serve import requests
Launching external process: /Applications/Unity/Hub/Editor/2022.1.20f1/Unity.app/Contents/Tools/UnityShaderCompiler
Launched and connected shader compiler UnityShaderCompiler after 0.08 seconds
Refreshing native plugins compatible for Editor in 1.35 ms, found 3 plugins.
Preloading 0 native plugins for Editor in 0.00 ms.
Unloading 5602 Unused Serialized files (Serialized files now loaded: 0)
Unloading 41 unused Assets / (358.7 KB). Loaded Objects now: 6056.
Memory consumption went from 0.99 GB to 0.99 GB.
Total: 5.944045 ms (FindLiveObjects: 0.591237 ms CreateObjectMapping: 0.901108 ms MarkObjects: 4.257653 ms  DeleteObjects: 0.191485 ms)

AssetImportParameters requested are different than current active one (requested -> active):
  custom:video-decoder-ogg-theora: a1e56fd34408186e4bbccfd4996cb3dc -> 
  custom:container-muxer-webm: aa71ff27fc2769a1b78a27578f13a17b -> 
  custom:container-demuxer-webm: 4f35f7cbe854078d1ac9338744f61a02 -> 
  custom:video-encoder-webm-vp8: eb34c28f22e8b96e1ab97ce403110664 -> 
  custom:framework-osx-AVFoundation: e770b220cccbd017edd2c1fefb359320 -> 
  custom:audio-encoder-webm-vorbis: bf7c407c2cedff20999df2af8eb42d56 -> 
  custom:container-demuxer-ogg: 62fdf1f143b41e24485cea50d1cbac27 -> 
  custom:video-decoder-webm-vp8: 9c59270c3fd7afecdb556c50c9e8de78 -> 
  custom:audio-decoder-ogg-vorbis: bf7c407c2cedff20999df2af8eb42d56 -> 
========================================================================
Received Prepare
Registering precompiled user dll's ...
Registered in 0.002959 seconds.
Begin MonoManager ReloadAssembly
Symbol file LoadedFromMemory doesn't match image /Users/marlin/Downloads/OutbreakPTO-Prototype-main/Library/PackageCache/com.unity.visualscripting@1.7.8/Editor/VisualScripting.Core/Dependencies/YamlDotNet/Unity.VisualScripting.YamlDotNet.dll
Symbol file LoadedFromMemory doesn't match image /Users/marlin/Downloads/OutbreakPTO-Prototype-main/Library/PackageCache/com.unity.visualscripting@1.7.8/Editor/VisualScripting.Core/Dependencies/DotNetZip/Unity.VisualScripting.IonicZip.dll
Native extension for OSXStandalone target not found
Native extension for WebGL target not found
Refreshing native plugins compatible for Editor in 3.18 ms, found 3 plugins.
Preloading 0 native plugins for Editor in 0.00 ms.
Mono: successfully reloaded assembly
- Completed reload, in  2.165 seconds
Domain Reload Profiling:
	ReloadAssembly (2167ms)
		BeginReloadAssembly (154ms)
			ExecutionOrderSort (0ms)
			DisableScriptedObjects (12ms)
			BackupInstance (0ms)
			ReleaseScriptingObjects (0ms)
			CreateAndSetChildDomain (61ms)
		EndReloadAssembly (1875ms)
			LoadAssemblies (76ms)
			RebuildTransferFunctionScriptingTraits (0ms)
			SetupTypeCache (560ms)
				TypeCache.Initialize (538ms)
					TypeCache.ScanAssembly (531ms)
				ResolveRequiredComponents (22ms)
			ReleaseScriptCaches (2ms)
			RebuildScriptCaches (85ms)
			SetupLoadedEditorAssemblies (984ms)
				LogAssemblyErrors (0ms)
				InitializePlatformSupportModulesInManaged (17ms)
				SetLoadedEditorAssemblies (9ms)
				RefreshPlugins (3ms)
				BeforeProcessingInitializeOnLoad (119ms)
				ProcessInitializeOnLoadAttributes (570ms)
				ProcessInitializeOnLoadMethodAttributes (264ms)
				AfterProcessingInitializeOnLoad (1ms)
				EditorAssembliesLoaded (0ms)
			ExecutionOrderSort2 (0ms)
			AwakeInstancesAfterBackupRestoration (23ms)
Platform modules already initialized, skipping
Refreshing native plugins compatible for Editor in 2.41 ms, found 3 plugins.
Preloading 0 native plugins for Editor in 0.00 ms.
Unloading 5461 Unused Serialized files (Serialized files now loaded: 0)
Unloading 28 unused Assets / (333.7 KB). Loaded Objects now: 6060.
Memory consumption went from 0.97 GB to 0.97 GB.
Total: 5.839341 ms (FindLiveObjects: 0.488797 ms CreateObjectMapping: 0.609411 ms MarkObjects: 4.583470 ms  DeleteObjects: 0.156205 ms)

AssetImportParameters requested are different than current active one (requested -> active):
  custom:video-decoder-ogg-theora: a1e56fd34408186e4bbccfd4996cb3dc -> 
  custom:container-muxer-webm: aa71ff27fc2769a1b78a27578f13a17b -> 
  custom:container-demuxer-webm: 4f35f7cbe854078d1ac9338744f61a02 -> 
  custom:video-encoder-webm-vp8: eb34c28f22e8b96e1ab97ce403110664 -> 
  custom:framework-osx-AVFoundation: e770b220cccbd017edd2c1fefb359320 -> 
  custom:audio-encoder-webm-vorbis: bf7c407c2cedff20999df2af8eb42d56 -> 
  custom:container-demuxer-ogg: 62fdf1f143b41e24485cea50d1cbac27 -> 
  custom:video-decoder-webm-vp8: 9c59270c3fd7afecdb556c50c9e8de78 -> 
  custom:audio-decoder-ogg-vorbis: bf7c407c2cedff20999df2af8eb42d56 -> 
========================================================================
Received Import Request.
  Time since last request: 848.707020 seconds.
  path: Assets/Sprites/Structures/Floors/metal_sheet.png
  artifactKey: Guid(40474f676cd41d04caa2b3e44ea1bbf4) Importer(815301076,1909f56bfc062723c751e8b465ee728b)
Start importing Assets/Sprites/Structures/Floors/metal_sheet.png using Guid(40474f676cd41d04caa2b3e44ea1bbf4) Importer(815301076,1909f56bfc062723c751e8b465ee728b)  -> (artifact id: '6156782a009c4f1b00ac6168725a9aac') in 1.420088 seconds 
========================================================================
Received Import Request.
  Time since last request: 1323.633941 seconds.
  path: Assets/Sprites/Weapons/weapon_ar_idle.png
  artifactKey: Guid(a75e412b341918f4780bc5cf6b0d98d5) Importer(815301076,1909f56bfc062723c751e8b465ee728b)
Start importing Assets/Sprites/Weapons/weapon_ar_idle.png using Guid(a75e412b341918f4780bc5cf6b0d98d5) Importer(815301076,1909f56bfc062723c751e8b465ee728b)  -> (artifact id: '95dbf45911306b3f4c5ebd7c1a1a0b54') in 0.036071 seconds 
========================================================================
Received Import Request.
  Time since last request: 0.001086 seconds.
  path: Assets/Sprites/Weapons/white_dot.png
  artifactKey: Guid(515bbd27e4f313249bb391edb3f75669) Importer(815301076,1909f56bfc062723c751e8b465ee728b)
Start importing Assets/Sprites/Weapons/white_dot.png using Guid(515bbd27e4f313249bb391edb3f75669) Importer(815301076,1909f56bfc062723c751e8b465ee728b)  -> (artifact id: '96639a8e418aab34dcd46c3ecf562432') in 0.015587 seconds 
========================================================================
Received Import Request.
  Time since last request: 5.645885 seconds.
  path: Assets/Prefabs/Weapons/projectile_ar_muzzleflash.prefab
  artifactKey: Guid(ebd102da3971dbd49a5d6b991ab51d67) Importer(815301076,1909f56bfc062723c751e8b465ee728b)
Start importing Assets/Prefabs/Weapons/projectile_ar_muzzleflash.prefab using Guid(ebd102da3971dbd49a5d6b991ab51d67) Importer(815301076,1909f56bfc062723c751e8b465ee728b)  -> (artifact id: '93967c2e7d52a4fa975d55b6fcdaf76f') in 0.129486 seconds 
========================================================================
Received Import Request.
  Time since last request: 1.513798 seconds.
  path: Assets/Render Pipeline/Universal RP_Renderer.asset
  artifactKey: Guid(7eb8c7648ecac5e47ba056fb3fa64294) Importer(815301076,1909f56bfc062723c751e8b465ee728b)
Start importing Assets/Render Pipeline/Universal RP_Renderer.asset using Guid(7eb8c7648ecac5e47ba056fb3fa64294) Importer(815301076,1909f56bfc062723c751e8b465ee728b)  -> (artifact id: '1364b37a8e346d125507729e872864ce') in 0.108948 seconds 
========================================================================
Received Import Request.
  Time since last request: 580.011819 seconds.
  path: Assets/Sprites/Structures/General Tiles/tileset_sf_1.asset
  artifactKey: Guid(fa6d51737d7f04bfa8303f9bf505515d) Importer(815301076,1909f56bfc062723c751e8b465ee728b)
Start importing Assets/Sprites/Structures/General Tiles/tileset_sf_1.asset using Guid(fa6d51737d7f04bfa8303f9bf505515d) Importer(815301076,1909f56bfc062723c751e8b465ee728b)  -> (artifact id: '4b4c8de98f8cb0fb192a1f5edbb0e66f') in 0.062005 seconds 
========================================================================
Received Import Request.
  Time since last request: 0.000076 seconds.
  path: Assets/Sprites/Structures/General Tiles/tileset_sf_59.asset
  artifactKey: Guid(50944f2a50e3542c1bad817a9cdbf680) Importer(815301076,1909f56bfc062723c751e8b465ee728b)
Start importing Assets/Sprites/Structures/General Tiles/tileset_sf_59.asset using Guid(50944f2a50e3542c1bad817a9cdbf680) Importer(815301076,1909f56bfc062723c751e8b465ee728b)  -> (artifact id: '3675a2b610710f6fc272f8fb257a458c') in 0.020374 seconds 
========================================================================
Received Import Request.
  Time since last request: 0.000585 seconds.
  path: Assets/Sprites/Structures/General Tiles/tileset_sf_135.asset
  artifactKey: Guid(fce3659aee7c24be9b7f431b36a72840) Importer(815301076,1909f56bfc062723c751e8b465ee728b)
Start importing Assets/Sprites/Structures/General Tiles/tileset_sf_135.asset using Guid(fce3659aee7c24be9b7f431b36a72840) Importer(815301076,1909f56bfc062723c751e8b465ee728b)  -> (artifact id: '7f4fe36f5a47b1c524978071278645cd') in 0.015960 seconds 
========================================================================
Received Import Request.
  Time since last request: 0.000063 seconds.
  path: Assets/Sprites/Structures/General Tiles/tileset_sf_66.asset
  artifactKey: Guid(65823d69d679b40cb899dde7e70907d5) Importer(815301076,1909f56bfc062723c751e8b465ee728b)
Start importing Assets/Sprites/Structures/General Tiles/tileset_sf_66.asset using Guid(65823d69d679b40cb899dde7e70907d5) Importer(815301076,1909f56bfc062723c751e8b465ee728b)  -> (artifact id: '45e17f1bf11d51c620181989755e25e4') in 0.021059 seconds 
========================================================================
Received Import Request.
  Time since last request: 0.000109 seconds.
  path: Assets/Sprites/Structures/General Tiles/tileset_sf_112.asset
  artifactKey: Guid(34fc47bb353ef4faa87d2023b6b8e8b7) Importer(815301076,1909f56bfc062723c751e8b465ee728b)
Start importing Assets/Sprites/Structures/General Tiles/tileset_sf_112.asset using Guid(34fc47bb353ef4faa87d2023b6b8e8b7) Importer(815301076,1909f56bfc062723c751e8b465ee728b)  -> (artifact id: '52d1766d03752fc50952ae4cc1c6c310') in 0.024067 seconds 
========================================================================
Received Import Request.
  Time since last request: 0.000064 seconds.
  path: Assets/Sprites/Structures/General Tiles/tileset_sf_93.asset
  artifactKey: Guid(8c9acd17547ac45baab270f931f96b27) Importer(815301076,1909f56bfc062723c751e8b465ee728b)
Start importing Assets/Sprites/Structures/General Tiles/tileset_sf_93.asset using Guid(8c9acd17547ac45baab270f931f96b27) Importer(815301076,1909f56bfc062723c751e8b465ee728b)  -> (artifact id: '949a76a88d5f2d62650700e8e89fa003') in 0.018584 seconds 
========================================================================
Received Import Request.
  Time since last request: 0.000074 seconds.
  path: Assets/Sprites/Structures/General Tiles/tileset_sf_134.asset
  artifactKey: Guid(46f861a268ecc4075a29055c0ebbbb5a) Importer(815301076,1909f56bfc062723c751e8b465ee728b)
Start importing Assets/Sprites/Structures/General Tiles/tileset_sf_134.asset using Guid(46f861a268ecc4075a29055c0ebbbb5a) Importer(815301076,1909f56bfc062723c751e8b465ee728b)  -> (artifact id: '235ac18e6c873d821090215fa84a9c62') in 0.025132 seconds 
========================================================================
Received Import Request.
  Time since last request: 0.000068 seconds.
  path: Assets/Sprites/Structures/General Tiles/tileset_sf_67.asset
  artifactKey: Guid(3867697dfa5a54c88aba3b840d40fa59) Importer(815301076,1909f56bfc062723c751e8b465ee728b)
Start importing Assets/Sprites/Structures/General Tiles/tileset_sf_67.asset using Guid(3867697dfa5a54c88aba3b840d40fa59) Importer(815301076,1909f56bfc062723c751e8b465ee728b)  -> (artifact id: '411bd9cede88f5bd71c62a28a19509bf') in 0.019363 seconds 
========================================================================
Received Import Request.
  Time since last request: 0.001572 seconds.
  path: Assets/Sprites/Structures/General Tiles/tileset_sf_101.asset
  artifactKey: Guid(f71747156bd8d43199fa31572ae126fb) Importer(815301076,1909f56bfc062723c751e8b465ee728b)
Start importing Assets/Sprites/Structures/General Tiles/tileset_sf_101.asset using Guid(f71747156bd8d43199fa31572ae126fb) Importer(815301076,1909f56bfc062723c751e8b465ee728b)  -> (artifact id: 'eb0023f625065288d4e65b415deac8f8') in 0.016507 seconds 
========================================================================
Received Import Request.
  Time since last request: 0.002839 seconds.
  path: Assets/Sprites/Structures/General Tiles/tileset_sf_118.asset
  artifactKey: Guid(04ee9e65707a645d8bee55ce8bb3f5a3) Importer(815301076,1909f56bfc062723c751e8b465ee728b)
Start importing Assets/Sprites/Structures/General Tiles/tileset_sf_118.asset using Guid(04ee9e65707a645d8bee55ce8bb3f5a3) Importer(815301076,1909f56bfc062723c751e8b465ee728b)  -> (artifact id: 'e01d599b459ad502a21cac01b8fa506a') in 0.026561 seconds 
========================================================================
Received Import Request.
  Time since last request: 0.000056 seconds.
  path: Assets/Sprites/Structures/General Tiles/tileset_sf_106.asset
  artifactKey: Guid(ce0c49d9df3f24a07ba8f3a643870e5c) Importer(815301076,1909f56bfc062723c751e8b465ee728b)
Start importing Assets/Sprites/Structures/General Tiles/tileset_sf_106.asset using Guid(ce0c49d9df3f24a07ba8f3a643870e5c) Importer(815301076,1909f56bfc062723c751e8b465ee728b)  -> (artifact id: 'a2108c7238c90622f109e62a105968d2') in 0.018071 seconds 
========================================================================
Received Import Request.
  Time since last request: 0.000203 seconds.
  path: Assets/Sprites/Structures/General Tiles/tileset_sf_96.asset
  artifactKey: Guid(60db893cb7b98437ab64a17591c5b44a) Importer(815301076,1909f56bfc062723c751e8b465ee728b)
Start importing Assets/Sprites/Structures/General Tiles/tileset_sf_96.asset using Guid(60db893cb7b98437ab64a17591c5b44a) Importer(815301076,1909f56bfc062723c751e8b465ee728b)  -> (artifact id: '9aea7ac0b6909c033e9e4e7e4c259c74') in 0.035853 seconds 
========================================================================
Received Import Request.
  Time since last request: 0.000089 seconds.
  path: Assets/Sprites/Structures/General Tiles/tileset_sf_27.asset
  artifactKey: Guid(f73f54e73c031457ba3d69fe8909ffbc) Importer(815301076,1909f56bfc062723c751e8b465ee728b)
Start importing Assets/Sprites/Structures/General Tiles/tileset_sf_27.asset using Guid(f73f54e73c031457ba3d69fe8909ffbc) Importer(815301076,1909f56bfc062723c751e8b465ee728b)  -> (artifact id: '795979c909d196f97af263925d21a307') in 0.022300 seconds 
========================================================================
Received Import Request.
  Time since last request: 0.000062 seconds.
  path: Assets/Sprites/Structures/General Tiles/tileset_sf_113.asset
  artifactKey: Guid(2c9cf55f47b714c35986815353bb8fcb) Importer(815301076,1909f56bfc062723c751e8b465ee728b)
Start importing Assets/Sprites/Structures/General Tiles/tileset_sf_113.asset using Guid(2c9cf55f47b714c35986815353bb8fcb) Importer(815301076,1909f56bfc062723c751e8b465ee728b)  -> (artifact id: '28fefb1f602ed2ff321e0e5239224505') in 0.018986 seconds 
========================================================================
Received Import Request.
  Time since last request: 0.000072 seconds.
  path: Assets/Sprites/Structures/General Tiles/tileset_sf_34.asset
  artifactKey: Guid(f8cf7bed1e56446efb0a44dee35b8f0a) Importer(815301076,1909f56bfc062723c751e8b465ee728b)
Start importing Assets/Sprites/Structures/General Tiles/tileset_sf_34.asset using Guid(f8cf7bed1e56446efb0a44dee35b8f0a) Importer(815301076,1909f56bfc062723c751e8b465ee728b)  -> (artifact id: '0faf87c5dee60295bf44b8a0037491bc') in 0.035498 seconds 
========================================================================
Received Import Request.
  Time since last request: 0.000073 seconds.
  path: Assets/Sprites/Structures/General Tiles/tileset_sf_9.asset
  artifactKey: Guid(342830a2284d2423d938df37a305ad7b) Importer(815301076,1909f56bfc062723c751e8b465ee728b)
Start importing Assets/Sprites/Structures/General Tiles/tileset_sf_9.asset using Guid(342830a2284d2423d938df37a305ad7b) Importer(815301076,1909f56bfc062723c751e8b465ee728b)  -> (artifact id: '47b35dd61bc03aec89c9f8fa76706463') in 0.018605 seconds 
========================================================================
Received Import Request.
  Time since last request: 0.000060 seconds.
  path: Assets/Sprites/Structures/General Tiles/tileset_sf_130.asset
  artifactKey: Guid(d8a666bc2e248414f84b87a9000cb320) Importer(815301076,1909f56bfc062723c751e8b465ee728b)
Start importing Assets/Sprites/Structures/General Tiles/tileset_sf_130.asset using Guid(d8a666bc2e248414f84b87a9000cb320) Importer(815301076,1909f56bfc062723c751e8b465ee728b)  -> (artifact id: '5fe2c6fe89768598182aef5cc4e4c0e3') in 0.040463 seconds 
========================================================================
Received Import Request.
  Time since last request: 0.000059 seconds.
  path: Assets/Sprites/Structures/General Tiles/tileset_sf_115.asset
  artifactKey: Guid(95f2328917c5d4b06a074f51e314642f) Importer(815301076,1909f56bfc062723c751e8b465ee728b)
Start importing Assets/Sprites/Structures/General Tiles/tileset_sf_115.asset using Guid(95f2328917c5d4b06a074f51e314642f) Importer(815301076,1909f56bfc062723c751e8b465ee728b)  -> (artifact id: 'f0f011ad4a92ca4f0c6f453ccd5d18c4') in 0.018760 seconds 
========================================================================
Received Import Request.
  Time since last request: 0.000261 seconds.
  path: Assets/Sprites/Structures/General Tiles/tileset_sf_54.asset
  artifactKey: Guid(3769eda4cbaf440d5bad6fbab97e2e96) Importer(815301076,1909f56bfc062723c751e8b465ee728b)
Start importing Assets/Sprites/Structures/General Tiles/tileset_sf_54.asset using Guid(3769eda4cbaf440d5bad6fbab97e2e96) Importer(815301076,1909f56bfc062723c751e8b465ee728b)  -> (artifact id: '6c256f4b134a77abed12754f05e3f05a') in 0.018033 seconds 
========================================================================
Received Import Request.
  Time since last request: 0.004823 seconds.
  path: Assets/Sprites/Structures/General Tiles/tileset_sf_33.asset
  artifactKey: Guid(0e9d37fd09fdc42ef8ebb54e2684894f) Importer(815301076,1909f56bfc062723c751e8b465ee728b)
Start importing Assets/Sprites/Structures/General Tiles/tileset_sf_33.asset using Guid(0e9d37fd09fdc42ef8ebb54e2684894f) Importer(815301076,1909f56bfc062723c751e8b465ee728b)  -> (artifact id: '218e229999626d94eec8f5184494a134') in 0.015767 seconds 
========================================================================
Received Import Request.
  Time since last request: 0.001759 seconds.
  path: Assets/Sprites/Structures/General Tiles/tileset_sf_90.asset
  artifactKey: Guid(9eab26491ea444fa098b4b3de99f9285) Importer(815301076,1909f56bfc062723c751e8b465ee728b)
Start importing Assets/Sprites/Structures/General Tiles/tileset_sf_90.asset using Guid(9eab26491ea444fa098b4b3de99f9285) Importer(815301076,1909f56bfc062723c751e8b465ee728b)  -> (artifact id: '66844d0cd4f50a8c2d3d8e97dd5c30dc') in 0.021891 seconds 
========================================================================
Received Import Request.
  Time since last request: 0.000058 seconds.
  path: Assets/Sprites/Structures/General Tiles/tileset_sf_21.asset
  artifactKey: Guid(6f748ff69bd254baf8a7791496af7883) Importer(815301076,1909f56bfc062723c751e8b465ee728b)
Start importing Assets/Sprites/Structures/General Tiles/tileset_sf_21.asset using Guid(6f748ff69bd254baf8a7791496af7883) Importer(815301076,1909f56bfc062723c751e8b465ee728b)  -> (artifact id: '7c673f780633c681b88c095ca8556eaa') in 0.032529 seconds 
========================================================================
Received Import Request.
  Time since last request: 0.000065 seconds.
  path: Assets/Sprites/Structures/General Tiles/tileset_sf_99.asset
  artifactKey: Guid(0cac5447ae0a5459da5e2eedeb1504b2) Importer(815301076,1909f56bfc062723c751e8b465ee728b)
Start importing Assets/Sprites/Structures/General Tiles/tileset_sf_99.asset using Guid(0cac5447ae0a5459da5e2eedeb1504b2) Importer(815301076,1909f56bfc062723c751e8b465ee728b)  -> (artifact id: '1e9fdc3d5f160b8a6a0915ceeb0c504c') in 0.028548 seconds 
========================================================================
Received Import Request.
  Time since last request: 0.000071 seconds.
  path: Assets/Sprites/Structures/General Tiles/tileset_sf_76.asset
  artifactKey: Guid(6e2044e2c7cd144c0bba9e34656c2362) Importer(815301076,1909f56bfc062723c751e8b465ee728b)
Start importing Assets/Sprites/Structures/General Tiles/tileset_sf_76.asset using Guid(6e2044e2c7cd144c0bba9e34656c2362) Importer(815301076,1909f56bfc062723c751e8b465ee728b)  -> (artifact id: '33f3b65a9264891ce5f4287e1c1bbb37') in 0.019815 seconds 
========================================================================
Received Import Request.
  Time since last request: 0.000065 seconds.
  path: Assets/Sprites/Structures/General Tiles/tileset_sf_16.asset
  artifactKey: Guid(077c8ff9f712a459eaef326f85547669) Importer(815301076,1909f56bfc062723c751e8b465ee728b)
Start importing Assets/Sprites/Structures/General Tiles/tileset_sf_16.asset using Guid(077c8ff9f712a459eaef326f85547669) Importer(815301076,1909f56bfc062723c751e8b465ee728b)  -> (artifact id: 'b54df78ce6fb4387938c94ee53124d4f') in 0.029155 seconds 
========================================================================
Received Import Request.
  Time since last request: 0.000060 seconds.
  path: Assets/Sprites/Structures/General Tiles/tileset_sf_18.asset
  artifactKey: Guid(5dee17b23dc584563a6951d4be16fbb1) Importer(815301076,1909f56bfc062723c751e8b465ee728b)
Start importing Assets/Sprites/Structures/General Tiles/tileset_sf_18.asset using Guid(5dee17b23dc584563a6951d4be16fbb1) Importer(815301076,1909f56bfc062723c751e8b465ee728b)  -> (artifact id: '62dabf3ca986b12904cda30bd89090b1') in 0.030785 seconds 
========================================================================
Received Import Request.
  Time since last request: 0.000111 seconds.
  path: Assets/Sprites/Structures/General Tiles/tileset_sf_64.asset
  artifactKey: Guid(f040662f668a54c74a47b28de51f7c2f) Importer(815301076,1909f56bfc062723c751e8b465ee728b)
Start importing Assets/Sprites/Structures/General Tiles/tileset_sf_64.asset using Guid(f040662f668a54c74a47b28de51f7c2f) Importer(815301076,1909f56bfc062723c751e8b465ee728b)  -> (artifact id: '25b7a8d45c3205dbb0942e9c7cfe36a5') in 0.023453 seconds 
========================================================================
Received Import Request.
  Time since last request: 0.000062 seconds.
  path: Assets/Sprites/Structures/General Tiles/tileset_sf_20.asset
  artifactKey: Guid(36a5d12028b7e45ad8d4acdc7f66b4cb) Importer(815301076,1909f56bfc062723c751e8b465ee728b)
Start importing Assets/Sprites/Structures/General Tiles/tileset_sf_20.asset using Guid(36a5d12028b7e45ad8d4acdc7f66b4cb) Importer(815301076,1909f56bfc062723c751e8b465ee728b)  -> (artifact id: 'e194db3a302a9dcf26003315100d8846') in 0.053068 seconds 
========================================================================
Received Import Request.
  Time since last request: 0.000067 seconds.
  path: Assets/Sprites/Structures/General Tiles/tileset_sf_15.asset
  artifactKey: Guid(efe6bc1b893b84af189584926156296c) Importer(815301076,1909f56bfc062723c751e8b465ee728b)
Start importing Assets/Sprites/Structures/General Tiles/tileset_sf_15.asset using Guid(efe6bc1b893b84af189584926156296c) Importer(815301076,1909f56bfc062723c751e8b465ee728b)  -> (artifact id: 'a84b92274794c699eb48af5a2ee12553') in 0.017138 seconds 
========================================================================
Received Import Request.
  Time since last request: 0.000119 seconds.
  path: Assets/Sprites/Structures/General Tiles/tileset_sf_81.asset
  artifactKey: Guid(006ca5c32446e459886d2d5833458952) Importer(815301076,1909f56bfc062723c751e8b465ee728b)
Start importing Assets/Sprites/Structures/General Tiles/tileset_sf_81.asset using Guid(006ca5c32446e459886d2d5833458952) Importer(815301076,1909f56bfc062723c751e8b465ee728b)  -> (artifact id: '28502a213804eeacf286544a5f27c386') in 0.099767 seconds 
========================================================================
Received Import Request.
  Time since last request: 0.000065 seconds.
  path: Assets/Sprites/Structures/General Tiles/tileset_sf_51.asset
  artifactKey: Guid(3ae548f44645342e3a0cbff44e5b39cc) Importer(815301076,1909f56bfc062723c751e8b465ee728b)
Start importing Assets/Sprites/Structures/General Tiles/tileset_sf_51.asset using Guid(3ae548f44645342e3a0cbff44e5b39cc) Importer(815301076,1909f56bfc062723c751e8b465ee728b)  -> (artifact id: 'a7dd603870ccd94b68c2f6365cb8ce59') in 0.015874 seconds 
========================================================================
Received Import Request.
  Time since last request: 0.000063 seconds.
  path: Assets/Sprites/Structures/General Tiles/tileset_sf_55.asset
  artifactKey: Guid(5ad14abbc15774249a448484cfc83eec) Importer(815301076,1909f56bfc062723c751e8b465ee728b)
Start importing Assets/Sprites/Structures/General Tiles/tileset_sf_55.asset using Guid(5ad14abbc15774249a448484cfc83eec) Importer(815301076,1909f56bfc062723c751e8b465ee728b)  -> (artifact id: '2198bc0088b746e5c5ac8bc7401d4f91') in 0.016454 seconds 
========================================================================
Received Import Request.
  Time since last request: 0.000067 seconds.
  path: Assets/Sprites/Structures/General Tiles/tileset_sf_88.asset
  artifactKey: Guid(9680474c453644861ae49fa5dd029d23) Importer(815301076,1909f56bfc062723c751e8b465ee728b)
Start importing Assets/Sprites/Structures/General Tiles/tileset_sf_88.asset using Guid(9680474c453644861ae49fa5dd029d23) Importer(815301076,1909f56bfc062723c751e8b465ee728b)  -> (artifact id: '05def039f9541fec9abf52eeb1a3ecbe') in 0.022812 seconds 
========================================================================
Received Import Request.
  Time since last request: 0.000069 seconds.
  path: Assets/Sprites/Structures/General Tiles/tileset_sf_7.asset
  artifactKey: Guid(aa8c7ea17c864406793aa9108d9fc888) Importer(815301076,1909f56bfc062723c751e8b465ee728b)
Start importing Assets/Sprites/Structures/General Tiles/tileset_sf_7.asset using Guid(aa8c7ea17c864406793aa9108d9fc888) Importer(815301076,1909f56bfc062723c751e8b465ee728b)  -> (artifact id: '97b5fe3a1ac9b8866a7630fe5e3d0483') in 0.016217 seconds 
========================================================================
Received Import Request.
  Time since last request: 0.000100 seconds.
  path: Assets/Sprites/Structures/General Tiles/tileset_sf_14.asset
  artifactKey: Guid(580c1bcdddc764a6693e72ad4d8861b1) Importer(815301076,1909f56bfc062723c751e8b465ee728b)
Start importing Assets/Sprites/Structures/General Tiles/tileset_sf_14.asset using Guid(580c1bcdddc764a6693e72ad4d8861b1) Importer(815301076,1909f56bfc062723c751e8b465ee728b)  -> (artifact id: '252bd1c95365d087eb10565408a80a8c') in 0.036320 seconds 
========================================================================
Received Import Request.
  Time since last request: 0.000072 seconds.
  path: Assets/Sprites/Structures/General Tiles/tileset_sf_140.asset
  artifactKey: Guid(91f1d4612929c41ac88a1f09ade9d09e) Importer(815301076,1909f56bfc062723c751e8b465ee728b)
Start importing Assets/Sprites/Structures/General Tiles/tileset_sf_140.asset using Guid(91f1d4612929c41ac88a1f09ade9d09e) Importer(815301076,1909f56bfc062723c751e8b465ee728b)  -> (artifact id: '667ef258cc908e2efa5017503b3a66cf') in 0.020379 seconds 
========================================================================
Received Import Request.
  Time since last request: 0.000066 seconds.
  path: Assets/Sprites/Structures/General Tiles/tileset_sf_132.asset
  artifactKey: Guid(b9f111c375e7442dc9b8219b41c8f7a1) Importer(815301076,1909f56bfc062723c751e8b465ee728b)
Start importing Assets/Sprites/Structures/General Tiles/tileset_sf_132.asset using Guid(b9f111c375e7442dc9b8219b41c8f7a1) Importer(815301076,1909f56bfc062723c751e8b465ee728b)  -> (artifact id: 'c133ea62e886b6468dd0cfc92a0a52bd') in 0.020980 seconds 
========================================================================
Received Import Request.
  Time since last request: 0.000084 seconds.
  path: Assets/Sprites/Structures/General Tiles/tileset_sf_53.asset
  artifactKey: Guid(a84b1194a2a8140e89f64b437a1c8342) Importer(815301076,1909f56bfc062723c751e8b465ee728b)
Start importing Assets/Sprites/Structures/General Tiles/tileset_sf_53.asset using Guid(a84b1194a2a8140e89f64b437a1c8342) Importer(815301076,1909f56bfc062723c751e8b465ee728b)  -> (artifact id: '9e29acee3331364a170370e9828f08a2') in 0.018155 seconds 
========================================================================
Received Import Request.
  Time since last request: 0.000144 seconds.
  path: Assets/Sprites/Structures/General Tiles/tileset_sf_103.asset
  artifactKey: Guid(e5b5da2b01c4f48a3b198c92196feb16) Importer(815301076,1909f56bfc062723c751e8b465ee728b)
Start importing Assets/Sprites/Structures/General Tiles/tileset_sf_103.asset using Guid(e5b5da2b01c4f48a3b198c92196feb16) Importer(815301076,1909f56bfc062723c751e8b465ee728b)  -> (artifact id: '6970f338798e60b4b8e51b4a8f709b5c') in 0.025455 seconds 
========================================================================
Received Import Request.
  Time since last request: 0.000104 seconds.
  path: Assets/Sprites/Structures/General Tiles/tileset_sf_119.asset
  artifactKey: Guid(fb60327a4e2f1455a8dc3894840b14df) Importer(815301076,1909f56bfc062723c751e8b465ee728b)
Start importing Assets/Sprites/Structures/General Tiles/tileset_sf_119.asset using Guid(fb60327a4e2f1455a8dc3894840b14df) Importer(815301076,1909f56bfc062723c751e8b465ee728b)  -> (artifact id: '37abcb8a6c03385f783810b01c8aabab') in 0.029422 seconds 
========================================================================
Received Import Request.
  Time since last request: 0.000085 seconds.
  path: Assets/Sprites/Structures/General Tiles/tileset_sf_91.asset
  artifactKey: Guid(e1640884907964257a7a0fb413f4789f) Importer(815301076,1909f56bfc062723c751e8b465ee728b)
Start importing Assets/Sprites/Structures/General Tiles/tileset_sf_91.asset using Guid(e1640884907964257a7a0fb413f4789f) Importer(815301076,1909f56bfc062723c751e8b465ee728b)  -> (artifact id: 'a4db260ad14c0e53c0a07acf22b9e993') in 0.019828 seconds 
========================================================================
Received Import Request.
  Time since last request: 0.001231 seconds.
  path: Assets/Sprites/Structures/General Tiles/tileset_sf_5.asset
  artifactKey: Guid(9a976b482c05544cbac60ca685a6e586) Importer(815301076,1909f56bfc062723c751e8b465ee728b)
Start importing Assets/Sprites/Structures/General Tiles/tileset_sf_5.asset using Guid(9a976b482c05544cbac60ca685a6e586) Importer(815301076,1909f56bfc062723c751e8b465ee728b)  -> (artifact id: 'd2984453323b4ac7cf1c822901325bba') in 0.018442 seconds 
========================================================================
Received Import Request.
  Time since last request: 0.000113 seconds.
  path: Assets/Sprites/Structures/General Tiles/tileset_sf_100.asset
  artifactKey: Guid(29e4f7ba7aca74a65a1ae36fc0938c7d) Importer(815301076,1909f56bfc062723c751e8b465ee728b)
Start importing Assets/Sprites/Structures/General Tiles/tileset_sf_100.asset using Guid(29e4f7ba7aca74a65a1ae36fc0938c7d) Importer(815301076,1909f56bfc062723c751e8b465ee728b)  -> (artifact id: '7830a82b59f5ad032d52f28fd13f5e90') in 0.046845 seconds 
========================================================================
Received Import Request.
  Time since last request: 0.000067 seconds.
  path: Assets/Sprites/Structures/General Tiles/tileset_sf_42.asset
  artifactKey: Guid(3a355297985f642ca8500aa384cee267) Importer(815301076,1909f56bfc062723c751e8b465ee728b)
Start importing Assets/Sprites/Structures/General Tiles/tileset_sf_42.asset using Guid(3a355297985f642ca8500aa384cee267) Importer(815301076,1909f56bfc062723c751e8b465ee728b)  -> (artifact id: 'cdf0d4e8fe22245e29b9d7c250c76726') in 0.017453 seconds 
========================================================================
Received Import Request.
  Time since last request: 0.000086 seconds.
  path: Assets/Sprites/Structures/General Tiles/tileset_sf_50.asset
  artifactKey: Guid(15790c75c72ec44a49f606b2450c96af) Importer(815301076,1909f56bfc062723c751e8b465ee728b)
Start importing Assets/Sprites/Structures/General Tiles/tileset_sf_50.asset using Guid(15790c75c72ec44a49f606b2450c96af) Importer(815301076,1909f56bfc062723c751e8b465ee728b)  -> (artifact id: '7b3509e94d60514563421d2880825c46') in 0.043281 seconds 
========================================================================
Received Import Request.
  Time since last request: 0.000070 seconds.
  path: Assets/Sprites/Structures/General Tiles/tileset_sf_69.asset
  artifactKey: Guid(31dafabbad6e4499a9b3364d80ac5af5) Importer(815301076,1909f56bfc062723c751e8b465ee728b)
Start importing Assets/Sprites/Structures/General Tiles/tileset_sf_69.asset using Guid(31dafabbad6e4499a9b3364d80ac5af5) Importer(815301076,1909f56bfc062723c751e8b465ee728b)  -> (artifact id: '758633566e03331c622697e06984374d') in 0.018954 seconds 
========================================================================
Received Import Request.
  Time since last request: 0.000060 seconds.
  path: Assets/Sprites/Structures/General Tiles/tileset_sf_128.asset
  artifactKey: Guid(fc1d6969a2e8d4dcab157265d91e3160) Importer(815301076,1909f56bfc062723c751e8b465ee728b)
Start importing Assets/Sprites/Structures/General Tiles/tileset_sf_128.asset using Guid(fc1d6969a2e8d4dcab157265d91e3160) Importer(815301076,1909f56bfc062723c751e8b465ee728b)  -> (artifact id: '46d942e202602c06f0e7cdbabb78ea87') in 0.035748 seconds 
========================================================================
Received Import Request.
  Time since last request: 0.004999 seconds.
  path: Assets/Sprites/Structures/General Tiles/tileset_sf_129.asset
  artifactKey: Guid(dd9417c13fd884d079f3ddc55744fa81) Importer(815301076,1909f56bfc062723c751e8b465ee728b)
Start importing Assets/Sprites/Structures/General Tiles/tileset_sf_129.asset using Guid(dd9417c13fd884d079f3ddc55744fa81) Importer(815301076,1909f56bfc062723c751e8b465ee728b)  -> (artifact id: '5982b2b25e235ec0830ae5d00fea0e15') in 0.036117 seconds 
========================================================================
Received Import Request.
  Time since last request: 0.000785 seconds.
  path: Assets/Sprites/Structures/General Tiles/tileset_sf_13.asset
  artifactKey: Guid(9a9e71b22b4874ef9b967a79cd022eda) Importer(815301076,1909f56bfc062723c751e8b465ee728b)
Start importing Assets/Sprites/Structures/General Tiles/tileset_sf_13.asset using Guid(9a9e71b22b4874ef9b967a79cd022eda) Importer(815301076,1909f56bfc062723c751e8b465ee728b)  -> (artifact id: 'e6daa99c6c9f1454a23d75ff3df6a228') in 0.022540 seconds 
========================================================================
Received Import Request.
  Time since last request: 0.001777 seconds.
  path: Assets/Sprites/Structures/General Tiles/tileset_sf_19.asset
  artifactKey: Guid(4c94f5f1d577249ebbe6a198e0da879d) Importer(815301076,1909f56bfc062723c751e8b465ee728b)
Start importing Assets/Sprites/Structures/General Tiles/tileset_sf_19.asset using Guid(4c94f5f1d577249ebbe6a198e0da879d) Importer(815301076,1909f56bfc062723c751e8b465ee728b)  -> (artifact id: '39a931f4efb0697da55fdf5d5318b6e6') in 0.023678 seconds 
========================================================================
Received Import Request.
  Time since last request: 0.000124 seconds.
  path: Assets/Sprites/Structures/General Tiles/tileset_sf_109.asset
  artifactKey: Guid(10f0fa0dced92486e936fcc7e454a7e5) Importer(815301076,1909f56bfc062723c751e8b465ee728b)
Start importing Assets/Sprites/Structures/General Tiles/tileset_sf_109.asset using Guid(10f0fa0dced92486e936fcc7e454a7e5) Importer(815301076,1909f56bfc062723c751e8b465ee728b)  -> (artifact id: '0c884499c47124ac0272ae480d23a91b') in 0.027241 seconds 
========================================================================
Received Import Request.
  Time since last request: 0.001702 seconds.
  path: Assets/Sprites/Structures/General Tiles/tileset_sf_127.asset
  artifactKey: Guid(fbda89ca6f8824294a23c34516de1b7c) Importer(815301076,1909f56bfc062723c751e8b465ee728b)
Start importing Assets/Sprites/Structures/General Tiles/tileset_sf_127.asset using Guid(fbda89ca6f8824294a23c34516de1b7c) Importer(815301076,1909f56bfc062723c751e8b465ee728b)  -> (artifact id: '9c54099f50b6888555c5cd44f9726413') in 0.017348 seconds 
========================================================================
Received Import Request.
  Time since last request: 0.001216 seconds.
  path: Assets/Sprites/Structures/General Tiles/tileset_sf_32.asset
  artifactKey: Guid(432eca52383084ad49ee6b032795bca8) Importer(815301076,1909f56bfc062723c751e8b465ee728b)
Start importing Assets/Sprites/Structures/General Tiles/tileset_sf_32.asset using Guid(432eca52383084ad49ee6b032795bca8) Importer(815301076,1909f56bfc062723c751e8b465ee728b)  -> (artifact id: 'fe54ff7476ac8b11707f35766a70fa72') in 0.072694 seconds 
========================================================================
Received Import Request.
  Time since last request: 0.000075 seconds.
  path: Assets/Sprites/Structures/General Tiles/tileset_sf_26.asset
  artifactKey: Guid(4afaeec559f6044029c85a612c528da2) Importer(815301076,1909f56bfc062723c751e8b465ee728b)
Start importing Assets/Sprites/Structures/General Tiles/tileset_sf_26.asset using Guid(4afaeec559f6044029c85a612c528da2) Importer(815301076,1909f56bfc062723c751e8b465ee728b)  -> (artifact id: 'b0bf3416282709529680ed16a13b8358') in 0.017468 seconds 
========================================================================
Received Import Request.
  Time since last request: 0.000059 seconds.
  path: Assets/Sprites/Structures/General Tiles/tileset_sf_57.asset
  artifactKey: Guid(37d94e6c752384c7382209dac94252a1) Importer(815301076,1909f56bfc062723c751e8b465ee728b)
Start importing Assets/Sprites/Structures/General Tiles/tileset_sf_57.asset using Guid(37d94e6c752384c7382209dac94252a1) Importer(815301076,1909f56bfc062723c751e8b465ee728b)  -> (artifact id: 'b2f3f7724e53733aafd9a2357b9dfba2') in 0.019723 seconds 
========================================================================
Received Import Request.
  Time since last request: 0.000068 seconds.
  path: Assets/Sprites/Structures/General Tiles/tileset_sf_102.asset
  artifactKey: Guid(c6991b468ea134cd88f0f5c5fb2d9a6c) Importer(815301076,1909f56bfc062723c751e8b465ee728b)
Start importing Assets/Sprites/Structures/General Tiles/tileset_sf_102.asset using Guid(c6991b468ea134cd88f0f5c5fb2d9a6c) Importer(815301076,1909f56bfc062723c751e8b465ee728b)  -> (artifact id: '95159d55b563495cc4c4cfc1f8142a14') in 0.029674 seconds 
========================================================================
Received Import Request.
  Time since last request: 0.000276 seconds.
  path: Assets/Sprites/Structures/General Tiles/tileset_sf_71.asset
  artifactKey: Guid(42d76eb8cd0d84fb2aacfd5e2fbf8c88) Importer(815301076,1909f56bfc062723c751e8b465ee728b)
Start importing Assets/Sprites/Structures/General Tiles/tileset_sf_71.asset using Guid(42d76eb8cd0d84fb2aacfd5e2fbf8c88) Importer(815301076,1909f56bfc062723c751e8b465ee728b)  -> (artifact id: '4f3866f66cc74079f67adb429bfb775b') in 0.023569 seconds 
========================================================================
Received Import Request.
  Time since last request: 0.000073 seconds.
  path: Assets/Sprites/Structures/General Tiles/tileset_sf_63.asset
  artifactKey: Guid(8a9cd1b1e7e224e75b1b568097b4617f) Importer(815301076,1909f56bfc062723c751e8b465ee728b)
Start importing Assets/Sprites/Structures/General Tiles/tileset_sf_63.asset using Guid(8a9cd1b1e7e224e75b1b568097b4617f) Importer(815301076,1909f56bfc062723c751e8b465ee728b)  -> (artifact id: '02e2a933592c6268eb185dc0525a4aa4') in 0.047149 seconds 
========================================================================
Received Import Request.
  Time since last request: 0.000075 seconds.
  path: Assets/Sprites/Structures/General Tiles/tileset_sf_68.asset
  artifactKey: Guid(6311a01a441314605b6d7077be1f6baa) Importer(815301076,1909f56bfc062723c751e8b465ee728b)
Start importing Assets/Sprites/Structures/General Tiles/tileset_sf_68.asset using Guid(6311a01a441314605b6d7077be1f6baa) Importer(815301076,1909f56bfc062723c751e8b465ee728b)  -> (artifact id: '3b21bb64a09a55430409d7100869a56e') in 0.024785 seconds 
========================================================================
Received Import Request.
  Time since last request: 0.005619 seconds.
  path: Assets/Sprites/Structures/General Tiles/tileset_sf_138.asset
  artifactKey: Guid(e2fc191a4265d4fd2bd48cadfd40bd50) Importer(815301076,1909f56bfc062723c751e8b465ee728b)
Start importing Assets/Sprites/Structures/General Tiles/tileset_sf_138.asset using Guid(e2fc191a4265d4fd2bd48cadfd40bd50) Importer(815301076,1909f56bfc062723c751e8b465ee728b)  -> (artifact id: '74d79703e83d1543249ff35079f678fe') in 0.026749 seconds 
========================================================================
Received Import Request.
  Time since last request: 0.000511 seconds.
  path: Assets/Sprites/Structures/General Tiles/tileset_sf_52.asset
  artifactKey: Guid(000ca38b38b554ecbbb3302da602116e) Importer(815301076,1909f56bfc062723c751e8b465ee728b)
Start importing Assets/Sprites/Structures/General Tiles/tileset_sf_52.asset using Guid(000ca38b38b554ecbbb3302da602116e) Importer(815301076,1909f56bfc062723c751e8b465ee728b)  -> (artifact id: 'ac87f6e8e2b48a35ce2069fb97fc0411') in 0.024634 seconds 
========================================================================
Received Import Request.
  Time since last request: 0.003114 seconds.
  path: Assets/Sprites/Structures/General Tiles/tileset_sf_79.asset
  artifactKey: Guid(0275a9bc5ca694fde895a531f4b3d345) Importer(815301076,1909f56bfc062723c751e8b465ee728b)
Start importing Assets/Sprites/Structures/General Tiles/tileset_sf_79.asset using Guid(0275a9bc5ca694fde895a531f4b3d345) Importer(815301076,1909f56bfc062723c751e8b465ee728b)  -> (artifact id: '2c125a5a7115562c08bec96e39d92ae5') in 0.024916 seconds 
========================================================================
Received Import Request.
  Time since last request: 0.000091 seconds.
  path: Assets/Sprites/Structures/General Tiles/tileset_sf_62.asset
  artifactKey: Guid(b32736dd6f5b0463894e73542080e901) Importer(815301076,1909f56bfc062723c751e8b465ee728b)
Start importing Assets/Sprites/Structures/General Tiles/tileset_sf_62.asset using Guid(b32736dd6f5b0463894e73542080e901) Importer(815301076,1909f56bfc062723c751e8b465ee728b)  -> (artifact id: 'ceb7303c573dd211c140caba849933d5') in 0.016591 seconds 
========================================================================
Received Import Request.
  Time since last request: 0.000104 seconds.
  path: Assets/Sprites/Structures/General Tiles/tileset_sf_37.asset
  artifactKey: Guid(c0dda489f7bfa4990a831683f1e78db1) Importer(815301076,1909f56bfc062723c751e8b465ee728b)
Start importing Assets/Sprites/Structures/General Tiles/tileset_sf_37.asset using Guid(c0dda489f7bfa4990a831683f1e78db1) Importer(815301076,1909f56bfc062723c751e8b465ee728b)  -> (artifact id: 'd5d83300e8182b37bb24a93856ed3f55') in 0.021616 seconds 
========================================================================
Received Import Request.
  Time since last request: 0.000063 seconds.
  path: Assets/Sprites/Structures/General Tiles/tileset_sf_46.asset
  artifactKey: Guid(2d1bd7216c1c14508a85fa3804ffce67) Importer(815301076,1909f56bfc062723c751e8b465ee728b)
Start importing Assets/Sprites/Structures/General Tiles/tileset_sf_46.asset using Guid(2d1bd7216c1c14508a85fa3804ffce67) Importer(815301076,1909f56bfc062723c751e8b465ee728b)  -> (artifact id: 'b2ee9a01a3755c2b12995a9402ffa9cc') in 0.059999 seconds 
========================================================================
Received Import Request.
  Time since last request: 0.000091 seconds.
  path: Assets/Sprites/Structures/General Tiles/tileset_sf_41.asset
  artifactKey: Guid(52d5e51527748470b9da2b709c2c6c05) Importer(815301076,1909f56bfc062723c751e8b465ee728b)
Start importing Assets/Sprites/Structures/General Tiles/tileset_sf_41.asset using Guid(52d5e51527748470b9da2b709c2c6c05) Importer(815301076,1909f56bfc062723c751e8b465ee728b)  -> (artifact id: '87adec9e44f117a2780a703a1782eead') in 0.020999 seconds 
========================================================================
Received Import Request.
  Time since last request: 0.000128 seconds.
  path: Assets/Sprites/Structures/General Tiles/tileset_sf_49.asset
  artifactKey: Guid(5c52ad9e392504dfdb2dd8ec50da5159) Importer(815301076,1909f56bfc062723c751e8b465ee728b)
Start importing Assets/Sprites/Structures/General Tiles/tileset_sf_49.asset using Guid(5c52ad9e392504dfdb2dd8ec50da5159) Importer(815301076,1909f56bfc062723c751e8b465ee728b)  -> (artifact id: '55fcb4afd92ab160f67c26e2a6927b47') in 0.024806 seconds 
========================================================================
Received Import Request.
  Time since last request: 0.000062 seconds.
  path: Assets/Sprites/Structures/General Tiles/tileset_sf_47.asset
  artifactKey: Guid(0ea27415e634d4e15ace5ab2e2e1fd2c) Importer(815301076,1909f56bfc062723c751e8b465ee728b)
Start importing Assets/Sprites/Structures/General Tiles/tileset_sf_47.asset using Guid(0ea27415e634d4e15ace5ab2e2e1fd2c) Importer(815301076,1909f56bfc062723c751e8b465ee728b)  -> (artifact id: '75bc514b2eac1b5ab1ddbf6ca54346a1') in 0.018536 seconds 
========================================================================
Received Import Request.
  Time since last request: 0.000130 seconds.
  path: Assets/Sprites/Structures/General Tiles/tileset_sf_48.asset
  artifactKey: Guid(205e6f3cc347f4beb8007c438be1586c) Importer(815301076,1909f56bfc062723c751e8b465ee728b)
Start importing Assets/Sprites/Structures/General Tiles/tileset_sf_48.asset using Guid(205e6f3cc347f4beb8007c438be1586c) Importer(815301076,1909f56bfc062723c751e8b465ee728b)  -> (artifact id: 'a50b4ecd83af30b23d7a58d81e6cb42f') in 0.029923 seconds 
========================================================================
Received Import Request.
  Time since last request: 0.000230 seconds.
  path: Assets/Sprites/Structures/General Tiles/tileset_sf_82.asset
  artifactKey: Guid(b945d189076d8428aa32e2d0ced43937) Importer(815301076,1909f56bfc062723c751e8b465ee728b)
Start importing Assets/Sprites/Structures/General Tiles/tileset_sf_82.asset using Guid(b945d189076d8428aa32e2d0ced43937) Importer(815301076,1909f56bfc062723c751e8b465ee728b)  -> (artifact id: 'cf4d5d463dd004bcba400bd8fb58c2c5') in 0.038714 seconds 
========================================================================
Received Import Request.
  Time since last request: 0.000077 seconds.
  path: Assets/Sprites/Structures/General Tiles/tileset_sf_43.asset
  artifactKey: Guid(05674fbb7013142c3aa8255b2055408e) Importer(815301076,1909f56bfc062723c751e8b465ee728b)
Start importing Assets/Sprites/Structures/General Tiles/tileset_sf_43.asset using Guid(05674fbb7013142c3aa8255b2055408e) Importer(815301076,1909f56bfc062723c751e8b465ee728b)  -> (artifact id: 'c4811cbdb478732d6b14ba153475e0d4') in 0.018732 seconds 
========================================================================
Received Import Request.
  Time since last request: 0.000059 seconds.
  path: Assets/Sprites/Structures/General Tiles/tileset_sf_23.asset
  artifactKey: Guid(37a0416c965e14e2c9011efe08a870ac) Importer(815301076,1909f56bfc062723c751e8b465ee728b)
Start importing Assets/Sprites/Structures/General Tiles/tileset_sf_23.asset using Guid(37a0416c965e14e2c9011efe08a870ac) Importer(815301076,1909f56bfc062723c751e8b465ee728b)  -> (artifact id: 'd23cab7544e5d225e70328b1dd5f4f17') in 0.022254 seconds 
