Unity Editor version:    2022.1.20f1 (01d83b40d570)
Branch:                  2022.1/staging
Build type:              Release
Batch mode:              YES
macOS version:           Version 12.6 (Build 21G115)
Darwin version:          21.6.0
Architecture:            x86_64
Running under Rosetta:   NO
Available memory:        32768 MB
Using pre-set license
Pro License: YES

COMMAND LINE ARGUMENTS:
/Applications/Unity/Hub/Editor/2022.1.20f1/Unity.app/Contents/MacOS/Unity
-adb2
-batchMode
-noUpm
-name
AssetImportWorker0
-projectPath
/Users/marlin/Downloads/OutbreakPTO-Prototype-main
-logFile
Logs/AssetImportWorker0.log
-srvPort
49240
Successfully changed project path to: /Users/marlin/Downloads/OutbreakPTO-Prototype-main
/Users/marlin/Downloads/OutbreakPTO-Prototype-main
[UnityMemory] Configuration Parameters - Can be set up in boot.config
    "memorysetup-bucket-allocator-granularity=16"
    "memorysetup-bucket-allocator-bucket-count=8"
    "memorysetup-bucket-allocator-block-size=33554432"
    "memorysetup-bucket-allocator-block-count=8"
    "memorysetup-main-allocator-block-size=16777216"
    "memorysetup-thread-allocator-block-size=16777216"
    "memorysetup-gfx-main-allocator-block-size=16777216"
    "memorysetup-gfx-thread-allocator-block-size=16777216"
    "memorysetup-cache-allocator-block-size=4194304"
    "memorysetup-typetree-allocator-block-size=2097152"
    "memorysetup-profiler-bucket-allocator-granularity=16"
    "memorysetup-profiler-bucket-allocator-bucket-count=8"
    "memorysetup-profiler-bucket-allocator-block-size=33554432"
    "memorysetup-profiler-bucket-allocator-block-count=8"
    "memorysetup-profiler-allocator-block-size=16777216"
    "memorysetup-profiler-editor-allocator-block-size=1048576"
    "memorysetup-temp-allocator-size-main=16777216"
    "memorysetup-job-temp-allocator-block-size=2097152"
    "memorysetup-job-temp-allocator-block-size-background=1048576"
    "memorysetup-job-temp-allocator-reduction-small-platforms=262144"
    "memorysetup-temp-allocator-size-background-worker=32768"
    "memorysetup-temp-allocator-size-job-worker=262144"
    "memorysetup-temp-allocator-size-preload-manager=33554432"
    "memorysetup-temp-allocator-size-nav-mesh-worker=65536"
    "memorysetup-temp-allocator-size-audio-worker=65536"
    "memorysetup-temp-allocator-size-cloud-worker=32768"
    "memorysetup-temp-allocator-size-gi-baking-worker=262144"
    "memorysetup-temp-allocator-size-gfx=262144"
Refreshing native plugins compatible for Editor in 166.92 ms, found 3 plugins.
Preloading 0 native plugins for Editor in 0.00 ms.
Initialize engine version: 2022.1.20f1 (01d83b40d570)
[Subsystems] Discovering subsystems at path /Applications/Unity/Hub/Editor/2022.1.20f1/Unity.app/Contents/Resources/UnitySubsystems
[Subsystems] Discovering subsystems at path /Users/marlin/Downloads/OutbreakPTO-Prototype-main/Assets
GfxDevice: creating device client; threaded=0; jobified=0
iMac preferred device: AMD Radeon R9 M390 (high power)
Metal devices available: 1
0: AMD Radeon R9 M390 (high power)
Using device AMD Radeon R9 M390 (high power)
Initializing Metal device caps: AMD Radeon R9 M390
Initialize mono
Mono path[0] = '/Applications/Unity/Hub/Editor/2022.1.20f1/Unity.app/Contents/Managed'
Mono path[1] = '/Applications/Unity/Hub/Editor/2022.1.20f1/Unity.app/Contents/MonoBleedingEdge/lib/mono/unityjit-macos'
Mono config path = '/Applications/Unity/Hub/Editor/2022.1.20f1/Unity.app/Contents/MonoBleedingEdge/etc'
Using monoOptions --debugger-agent=transport=dt_socket,embedding=1,server=y,suspend=n,address=127.0.0.1:56062
Begin MonoManager ReloadAssembly
Registering precompiled unity dll's ...
Register platform support module: /Applications/Unity/Hub/Editor/2022.1.20f1/PlaybackEngines/WebGLSupport/UnityEditor.WebGL.Extensions.dll
Register platform support module: /Applications/Unity/Hub/Editor/2022.1.20f1/Unity.app/Contents/PlaybackEngines/MacStandaloneSupport/UnityEditor.OSXStandalone.Extensions.dll
Registered in 0.000961 seconds.
Native extension for OSXStandalone target not found
Native extension for WebGL target not found
Refreshing native plugins compatible for Editor in 210.05 ms, found 3 plugins.
Preloading 0 native plugins for Editor in 0.00 ms.
Mono: successfully reloaded assembly
- Completed reload, in  1.437 seconds
Domain Reload Profiling:
	ReloadAssembly (1438ms)
		BeginReloadAssembly (103ms)
			ExecutionOrderSort (0ms)
			DisableScriptedObjects (0ms)
			BackupInstance (0ms)
			ReleaseScriptingObjects (0ms)
			CreateAndSetChildDomain (1ms)
		EndReloadAssembly (1112ms)
			LoadAssemblies (102ms)
			RebuildTransferFunctionScriptingTraits (0ms)
			SetupTypeCache (213ms)
				TypeCache.Initialize (212ms)
					TypeCache.ScanAssembly (210ms)
				ResolveRequiredComponents (1ms)
			ReleaseScriptCaches (0ms)
			RebuildScriptCaches (56ms)
			SetupLoadedEditorAssemblies (760ms)
				LogAssemblyErrors (0ms)
				InitializePlatformSupportModulesInManaged (15ms)
				SetLoadedEditorAssemblies (17ms)
				RefreshPlugins (210ms)
				BeforeProcessingInitializeOnLoad (2ms)
				ProcessInitializeOnLoadAttributes (437ms)
				ProcessInitializeOnLoadMethodAttributes (79ms)
				AfterProcessingInitializeOnLoad (0ms)
				EditorAssembliesLoaded (0ms)
			ExecutionOrderSort2 (0ms)
			AwakeInstancesAfterBackupRestoration (0ms)
Platform modules already initialized, skipping
Registering precompiled user dll's ...
Registered in 0.004574 seconds.
Begin MonoManager ReloadAssembly
Symbol file LoadedFromMemory doesn't match image /Users/marlin/Downloads/OutbreakPTO-Prototype-main/Library/PackageCache/com.unity.visualscripting@1.7.8/Editor/VisualScripting.Core/Dependencies/YamlDotNet/Unity.VisualScripting.YamlDotNet.dll
Symbol file LoadedFromMemory doesn't match image /Users/marlin/Downloads/OutbreakPTO-Prototype-main/Library/PackageCache/com.unity.visualscripting@1.7.8/Editor/VisualScripting.Core/Dependencies/DotNetZip/Unity.VisualScripting.IonicZip.dll
Native extension for OSXStandalone target not found
Native extension for WebGL target not found
Refreshing native plugins compatible for Editor in 230.02 ms, found 3 plugins.
Preloading 0 native plugins for Editor in 0.00 ms.
Mono: successfully reloaded assembly
- Completed reload, in  2.458 seconds
Domain Reload Profiling:
	ReloadAssembly (2460ms)
		BeginReloadAssembly (132ms)
			ExecutionOrderSort (0ms)
			DisableScriptedObjects (8ms)
			BackupInstance (0ms)
			ReleaseScriptingObjects (0ms)
			CreateAndSetChildDomain (30ms)
		EndReloadAssembly (2158ms)
			LoadAssemblies (77ms)
			RebuildTransferFunctionScriptingTraits (0ms)
			SetupTypeCache (461ms)
				TypeCache.Initialize (441ms)
					TypeCache.ScanAssembly (437ms)
				ResolveRequiredComponents (20ms)
			ReleaseScriptCaches (1ms)
			RebuildScriptCaches (234ms)
			SetupLoadedEditorAssemblies (1200ms)
				LogAssemblyErrors (0ms)
				InitializePlatformSupportModulesInManaged (6ms)
				SetLoadedEditorAssemblies (11ms)
				RefreshPlugins (230ms)
				BeforeProcessingInitializeOnLoad (210ms)
				ProcessInitializeOnLoadAttributes (543ms)
				ProcessInitializeOnLoadMethodAttributes (199ms)
				AfterProcessingInitializeOnLoad (1ms)
				EditorAssembliesLoaded (0ms)
			ExecutionOrderSort2 (0ms)
			AwakeInstancesAfterBackupRestoration (6ms)
Platform modules already initialized, skipping
========================================================================
Worker process is ready to serve import requests
Launching external process: /Applications/Unity/Hub/Editor/2022.1.20f1/Unity.app/Contents/Tools/UnityShaderCompiler
Launched and connected shader compiler UnityShaderCompiler after 0.09 seconds
Refreshing native plugins compatible for Editor in 1.02 ms, found 3 plugins.
Preloading 0 native plugins for Editor in 0.00 ms.
Unloading 5602 Unused Serialized files (Serialized files now loaded: 0)
Unloading 41 unused Assets / (358.7 KB). Loaded Objects now: 6056.
Memory consumption went from 0.99 GB to 0.99 GB.
Total: 5.680621 ms (FindLiveObjects: 0.538419 ms CreateObjectMapping: 0.847618 ms MarkObjects: 4.081360 ms  DeleteObjects: 0.211298 ms)

AssetImportParameters requested are different than current active one (requested -> active):
  custom:video-decoder-ogg-theora: a1e56fd34408186e4bbccfd4996cb3dc -> 
  custom:container-muxer-webm: aa71ff27fc2769a1b78a27578f13a17b -> 
  custom:container-demuxer-webm: 4f35f7cbe854078d1ac9338744f61a02 -> 
  custom:video-encoder-webm-vp8: eb34c28f22e8b96e1ab97ce403110664 -> 
  custom:framework-osx-AVFoundation: e770b220cccbd017edd2c1fefb359320 -> 
  custom:audio-encoder-webm-vorbis: bf7c407c2cedff20999df2af8eb42d56 -> 
  custom:container-demuxer-ogg: 62fdf1f143b41e24485cea50d1cbac27 -> 
  custom:video-decoder-webm-vp8: 9c59270c3fd7afecdb556c50c9e8de78 -> 
  custom:audio-decoder-ogg-vorbis: bf7c407c2cedff20999df2af8eb42d56 -> 
========================================================================
Received Import Request.
  Time since last request: 801.904323 seconds.
  path: Assets/Scenes
  artifactKey: Guid(131a6b21c8605f84396be9f6751fb6e3) Importer(815301076,1909f56bfc062723c751e8b465ee728b)
Start importing Assets/Scenes using Guid(131a6b21c8605f84396be9f6751fb6e3) Importer(815301076,1909f56bfc062723c751e8b465ee728b)  -> (artifact id: 'ce90847eb68a46711c52341880395d2e') in 0.011451 seconds 
========================================================================
Received Import Request.
  Time since last request: 0.000117 seconds.
  path: Assets/SpriteSheet.preset
  artifactKey: Guid(866e7bf37a415694195ce0cb39724116) Importer(815301076,1909f56bfc062723c751e8b465ee728b)
Start importing Assets/SpriteSheet.preset using Guid(866e7bf37a415694195ce0cb39724116) Importer(815301076,1909f56bfc062723c751e8b465ee728b)  -> (artifact id: '87aad3fbe7bb86ac8806834ec9c36de1') in 0.161823 seconds 
========================================================================
Received Prepare
Registering precompiled user dll's ...
Registered in 0.003192 seconds.
Begin MonoManager ReloadAssembly
Symbol file LoadedFromMemory doesn't match image /Users/marlin/Downloads/OutbreakPTO-Prototype-main/Library/PackageCache/com.unity.visualscripting@1.7.8/Editor/VisualScripting.Core/Dependencies/YamlDotNet/Unity.VisualScripting.YamlDotNet.dll
Symbol file LoadedFromMemory doesn't match image /Users/marlin/Downloads/OutbreakPTO-Prototype-main/Library/PackageCache/com.unity.visualscripting@1.7.8/Editor/VisualScripting.Core/Dependencies/DotNetZip/Unity.VisualScripting.IonicZip.dll
Native extension for OSXStandalone target not found
Native extension for WebGL target not found
Refreshing native plugins compatible for Editor in 2.77 ms, found 3 plugins.
Preloading 0 native plugins for Editor in 0.00 ms.
Mono: successfully reloaded assembly
- Completed reload, in  2.215 seconds
Domain Reload Profiling:
	ReloadAssembly (2216ms)
		BeginReloadAssembly (154ms)
			ExecutionOrderSort (0ms)
			DisableScriptedObjects (11ms)
			BackupInstance (0ms)
			ReleaseScriptingObjects (0ms)
			CreateAndSetChildDomain (64ms)
		EndReloadAssembly (1923ms)
			LoadAssemblies (74ms)
			RebuildTransferFunctionScriptingTraits (0ms)
			SetupTypeCache (581ms)
				TypeCache.Initialize (561ms)
					TypeCache.ScanAssembly (552ms)
				ResolveRequiredComponents (20ms)
			ReleaseScriptCaches (2ms)
			RebuildScriptCaches (89ms)
			SetupLoadedEditorAssemblies (1034ms)
				LogAssemblyErrors (0ms)
				InitializePlatformSupportModulesInManaged (14ms)
				SetLoadedEditorAssemblies (12ms)
				RefreshPlugins (3ms)
				BeforeProcessingInitializeOnLoad (121ms)
				ProcessInitializeOnLoadAttributes (593ms)
				ProcessInitializeOnLoadMethodAttributes (290ms)
				AfterProcessingInitializeOnLoad (1ms)
				EditorAssembliesLoaded (0ms)
			ExecutionOrderSort2 (0ms)
			AwakeInstancesAfterBackupRestoration (16ms)
Platform modules already initialized, skipping
Refreshing native plugins compatible for Editor in 2.68 ms, found 3 plugins.
Preloading 0 native plugins for Editor in 0.00 ms.
Unloading 5461 Unused Serialized files (Serialized files now loaded: 0)
Unloading 28 unused Assets / (333.7 KB). Loaded Objects now: 6061.
Memory consumption went from 0.97 GB to 0.97 GB.
Total: 7.988947 ms (FindLiveObjects: 0.621960 ms CreateObjectMapping: 0.604798 ms MarkObjects: 6.564488 ms  DeleteObjects: 0.195035 ms)

AssetImportParameters requested are different than current active one (requested -> active):
  custom:video-decoder-ogg-theora: a1e56fd34408186e4bbccfd4996cb3dc -> 
  custom:container-muxer-webm: aa71ff27fc2769a1b78a27578f13a17b -> 
  custom:container-demuxer-webm: 4f35f7cbe854078d1ac9338744f61a02 -> 
  custom:video-encoder-webm-vp8: eb34c28f22e8b96e1ab97ce403110664 -> 
  custom:framework-osx-AVFoundation: e770b220cccbd017edd2c1fefb359320 -> 
  custom:audio-encoder-webm-vorbis: bf7c407c2cedff20999df2af8eb42d56 -> 
  custom:container-demuxer-ogg: 62fdf1f143b41e24485cea50d1cbac27 -> 
  custom:video-decoder-webm-vp8: 9c59270c3fd7afecdb556c50c9e8de78 -> 
  custom:audio-decoder-ogg-vorbis: bf7c407c2cedff20999df2af8eb42d56 -> 
========================================================================
Received Import Request.
  Time since last request: 42.015020 seconds.
  path: Assets/Sprites/Structures
  artifactKey: Guid(721c281d2511d5a4790d42333cb6aaba) Importer(815301076,1909f56bfc062723c751e8b465ee728b)
Start importing Assets/Sprites/Structures using Guid(721c281d2511d5a4790d42333cb6aaba) Importer(815301076,1909f56bfc062723c751e8b465ee728b)  -> (artifact id: '162cc50cbb3ab7faa57e4f1287c35ae3') in 0.010067 seconds 
========================================================================
Received Import Request.
  Time since last request: 4.464631 seconds.
  path: Assets/Sprites/Structures/Floors
  artifactKey: Guid(4925b550420e8bd428ab5431be84aa72) Importer(815301076,1909f56bfc062723c751e8b465ee728b)
Start importing Assets/Sprites/Structures/Floors using Guid(4925b550420e8bd428ab5431be84aa72) Importer(815301076,1909f56bfc062723c751e8b465ee728b)  -> (artifact id: '8e3354eb52b1eadb218363908c3b9e1d') in 0.000870 seconds 
========================================================================
Received Import Request.
  Time since last request: 0.101187 seconds.
  path: Assets/Sprites/Structures/Floors/metal_grate.png
  artifactKey: Guid(e345cef30e19dc44bbd92e8bfd1c05d0) Importer(815301076,1909f56bfc062723c751e8b465ee728b)
Start importing Assets/Sprites/Structures/Floors/metal_grate.png using Guid(e345cef30e19dc44bbd92e8bfd1c05d0) Importer(815301076,1909f56bfc062723c751e8b465ee728b)  -> (artifact id: 'c7a8f851acdd3008a40990f4a267b3f6') in 1.421723 seconds 
========================================================================
Received Import Request.
  Time since last request: 1323.634669 seconds.
  path: Assets/Sprites/Weapons/weapon_ar_fire.png
  artifactKey: Guid(64e5feb3a86142e49abf3da2012fb230) Importer(815301076,1909f56bfc062723c751e8b465ee728b)
Start importing Assets/Sprites/Weapons/weapon_ar_fire.png using Guid(64e5feb3a86142e49abf3da2012fb230) Importer(815301076,1909f56bfc062723c751e8b465ee728b)  -> (artifact id: '7074e455fefff014b8f8a2aaf13b5218') in 0.053909 seconds 
========================================================================
Received Import Request.
  Time since last request: 5.598215 seconds.
  path: Assets/Prefabs/Weapons
  artifactKey: Guid(95bcb0f8005b7ab48bdbb84511156379) Importer(815301076,1909f56bfc062723c751e8b465ee728b)
Start importing Assets/Prefabs/Weapons using Guid(95bcb0f8005b7ab48bdbb84511156379) Importer(815301076,1909f56bfc062723c751e8b465ee728b)  -> (artifact id: 'c0a0cd3586e9eb1151a9f1b15767521f') in 0.000962 seconds 
========================================================================
Received Import Request.
  Time since last request: 0.045256 seconds.
  path: Assets/Prefabs/Weapons/projectile_ar.prefab
  artifactKey: Guid(0b3e22abda080dd44beb0e522ced66bd) Importer(815301076,1909f56bfc062723c751e8b465ee728b)
Start importing Assets/Prefabs/Weapons/projectile_ar.prefab using Guid(0b3e22abda080dd44beb0e522ced66bd) Importer(815301076,1909f56bfc062723c751e8b465ee728b)  -> (artifact id: '40c80f8c4f7d9ce36c90f942dcb188b7') in 0.435521 seconds 
========================================================================
Received Import Request.
  Time since last request: 1.206501 seconds.
  path: Assets/Render Pipeline/Universal RP.asset
  artifactKey: Guid(9e42991de6796db418c9c6e88ded5c8f) Importer(815301076,1909f56bfc062723c751e8b465ee728b)
Start importing Assets/Render Pipeline/Universal RP.asset using Guid(9e42991de6796db418c9c6e88ded5c8f) Importer(815301076,1909f56bfc062723c751e8b465ee728b)  -> (artifact id: '9b18c40dd70c362c0451a1bbc68fa723') in 0.105600 seconds 
========================================================================
Received Import Request.
  Time since last request: 0.001514 seconds.
  path: Assets/Render Pipeline/UniversalRenderPipelineGlobalSettings.asset
  artifactKey: Guid(f7bb2a80b8df25647944ca9dc31753b9) Importer(815301076,1909f56bfc062723c751e8b465ee728b)
Start importing Assets/Render Pipeline/UniversalRenderPipelineGlobalSettings.asset using Guid(f7bb2a80b8df25647944ca9dc31753b9) Importer(815301076,1909f56bfc062723c751e8b465ee728b)  -> (artifact id: '94a94c99961c17062e54a41964763e0d') in 0.002866 seconds 
========================================================================
Received Import Request.
  Time since last request: 1.308804 seconds.
  path: Assets/Resources/Prefabs
  artifactKey: Guid(03a8f516542e27541bd7e99ef476ec07) Importer(815301076,1909f56bfc062723c751e8b465ee728b)
Start importing Assets/Resources/Prefabs using Guid(03a8f516542e27541bd7e99ef476ec07) Importer(815301076,1909f56bfc062723c751e8b465ee728b)  -> (artifact id: '3326474a2b868e02160a1dd9180afc62') in 0.000867 seconds 
========================================================================
Received Import Request.
  Time since last request: 2.809718 seconds.
  path: Assets/Scripts/Player
  artifactKey: Guid(19afc5e26a5476d4ea056a0d7c446d4c) Importer(815301076,1909f56bfc062723c751e8b465ee728b)
Start importing Assets/Scripts/Player using Guid(19afc5e26a5476d4ea056a0d7c446d4c) Importer(815301076,1909f56bfc062723c751e8b465ee728b)  -> (artifact id: '6141ebf6c596c66cbcdf7d1bc551d29d') in 0.000992 seconds 
========================================================================
Received Import Request.
  Time since last request: 1.256062 seconds.
  path: Assets/Scripts/Player/MoveState
  artifactKey: Guid(889ca0a555855e848be39205a199a58e) Importer(815301076,1909f56bfc062723c751e8b465ee728b)
Start importing Assets/Scripts/Player/MoveState using Guid(889ca0a555855e848be39205a199a58e) Importer(815301076,1909f56bfc062723c751e8b465ee728b)  -> (artifact id: 'a16242a20be2651fbc407158e9902a9b') in 0.000906 seconds 
========================================================================
Received Import Request.
  Time since last request: 410.671006 seconds.
  path: Assets/Sprites
  artifactKey: Guid(dbf6fae09913cc140a6684a16bd6a2dd) Importer(815301076,1909f56bfc062723c751e8b465ee728b)
Start importing Assets/Sprites using Guid(dbf6fae09913cc140a6684a16bd6a2dd) Importer(815301076,1909f56bfc062723c751e8b465ee728b)  -> (artifact id: 'a0731f72766f310772f4680e2b1a64ea') in 0.001676 seconds 
========================================================================
Received Import Request.
  Time since last request: 7.017501 seconds.
  path: Assets/Sprites/Structures/tileset_sf.png
  artifactKey: Guid(fde8c738fcd0443e9b13bdcd57825821) Importer(815301076,1909f56bfc062723c751e8b465ee728b)
Start importing Assets/Sprites/Structures/tileset_sf.png using Guid(fde8c738fcd0443e9b13bdcd57825821) Importer(815301076,1909f56bfc062723c751e8b465ee728b)  -> (artifact id: '64b6e1ad7d36ec5e14c5aaf3f7c8d377') in 0.030705 seconds 
========================================================================
Received Import Request.
  Time since last request: 22.244482 seconds.
  path: Assets/Sprites/Structures/tileset_sf.png
  artifactKey: Guid(fde8c738fcd0443e9b13bdcd57825821) Importer(815301076,1909f56bfc062723c751e8b465ee728b)
Start importing Assets/Sprites/Structures/tileset_sf.png using Guid(fde8c738fcd0443e9b13bdcd57825821) Importer(815301076,1909f56bfc062723c751e8b465ee728b)  -> (artifact id: 'bbaafa117a2627a872ea64c26ea7eeac') in 1.868031 seconds 
========================================================================
Received Import Request.
  Time since last request: 29.555831 seconds.
  path: Assets/Sprites/Structures/General Tiles.prefab
  artifactKey: Guid(07708cacb904c408daafdbd35b08ffeb) Importer(815301076,1909f56bfc062723c751e8b465ee728b)
Start importing Assets/Sprites/Structures/General Tiles.prefab using Guid(07708cacb904c408daafdbd35b08ffeb) Importer(815301076,1909f56bfc062723c751e8b465ee728b)  -> (artifact id: 'be4f4025009c0c3c060b7c4f0abc4dcb') in 0.019865 seconds 
========================================================================
Received Import Request.
  Time since last request: 65.961982 seconds.
  path: Assets/Sprites/Structures/General Tiles.prefab
  artifactKey: Guid(07708cacb904c408daafdbd35b08ffeb) Importer(815301076,1909f56bfc062723c751e8b465ee728b)
Start importing Assets/Sprites/Structures/General Tiles.prefab using Guid(07708cacb904c408daafdbd35b08ffeb) Importer(815301076,1909f56bfc062723c751e8b465ee728b)  -> (artifact id: 'f3231e057e10011ab15019cf025ff1ed') in 0.135577 seconds 
========================================================================
Received Import Request.
  Time since last request: 37.037050 seconds.
  path: Assets/Sprites/Structures/General Tiles/tileset_sf_0.asset
  artifactKey: Guid(eee226a1dc7ff449bbfded6a5671e404) Importer(815301076,1909f56bfc062723c751e8b465ee728b)
Start importing Assets/Sprites/Structures/General Tiles/tileset_sf_0.asset using Guid(eee226a1dc7ff449bbfded6a5671e404) Importer(815301076,1909f56bfc062723c751e8b465ee728b)  -> (artifact id: '228d786bf4bc1fb0334fc9817fe68fe7') in 0.144767 seconds 
========================================================================
Received Import Request.
  Time since last request: 0.000742 seconds.
  path: Assets/Sprites/Structures/General Tiles/tileset_sf_28.asset
  artifactKey: Guid(3f7c441f11eb24d9daa695311d4bb315) Importer(815301076,1909f56bfc062723c751e8b465ee728b)
Start importing Assets/Sprites/Structures/General Tiles/tileset_sf_28.asset using Guid(3f7c441f11eb24d9daa695311d4bb315) Importer(815301076,1909f56bfc062723c751e8b465ee728b)  -> (artifact id: '1aca62227a1a4a4d96fc37792f13cd95') in 0.017555 seconds 
========================================================================
Received Import Request.
  Time since last request: 0.000082 seconds.
  path: Assets/Sprites/Structures/General Tiles/tileset_sf_10.asset
  artifactKey: Guid(ef8b1f699917f4fb2a38bf91ca9a90be) Importer(815301076,1909f56bfc062723c751e8b465ee728b)
Start importing Assets/Sprites/Structures/General Tiles/tileset_sf_10.asset using Guid(ef8b1f699917f4fb2a38bf91ca9a90be) Importer(815301076,1909f56bfc062723c751e8b465ee728b)  -> (artifact id: 'b664815a7e2eb382e715daa807bc9049') in 0.018779 seconds 
========================================================================
Received Import Request.
  Time since last request: 0.000120 seconds.
  path: Assets/Sprites/Structures/General Tiles/tileset_sf_2.asset
  artifactKey: Guid(73f1ff29604cd42cb96f59c5f0edcdb2) Importer(815301076,1909f56bfc062723c751e8b465ee728b)
Start importing Assets/Sprites/Structures/General Tiles/tileset_sf_2.asset using Guid(73f1ff29604cd42cb96f59c5f0edcdb2) Importer(815301076,1909f56bfc062723c751e8b465ee728b)  -> (artifact id: '98b2bfe17289a2226f42aa21869d4fe8') in 0.018624 seconds 
========================================================================
Received Import Request.
  Time since last request: 0.000067 seconds.
  path: Assets/Sprites/Structures/General Tiles/tileset_sf_114.asset
  artifactKey: Guid(fb19ebd45a1b841cea8c3642ad2a07d2) Importer(815301076,1909f56bfc062723c751e8b465ee728b)
Start importing Assets/Sprites/Structures/General Tiles/tileset_sf_114.asset using Guid(fb19ebd45a1b841cea8c3642ad2a07d2) Importer(815301076,1909f56bfc062723c751e8b465ee728b)  -> (artifact id: 'e055f0d5d81d565bf7807b5571996e35') in 0.018788 seconds 
========================================================================
Received Import Request.
  Time since last request: 0.000071 seconds.
  path: Assets/Sprites/Structures/General Tiles/tileset_sf_39.asset
  artifactKey: Guid(ded043d8d0cc2484a8cb469445c4db01) Importer(815301076,1909f56bfc062723c751e8b465ee728b)
Start importing Assets/Sprites/Structures/General Tiles/tileset_sf_39.asset using Guid(ded043d8d0cc2484a8cb469445c4db01) Importer(815301076,1909f56bfc062723c751e8b465ee728b)  -> (artifact id: '5b33c4e1d2e8cd3e0a3c28446052519c') in 0.018517 seconds 
========================================================================
Received Import Request.
  Time since last request: 0.001503 seconds.
  path: Assets/Sprites/Structures/General Tiles/tileset_sf_70.asset
  artifactKey: Guid(373ecd402070d4066babb831a0c2a230) Importer(815301076,1909f56bfc062723c751e8b465ee728b)
Start importing Assets/Sprites/Structures/General Tiles/tileset_sf_70.asset using Guid(373ecd402070d4066babb831a0c2a230) Importer(815301076,1909f56bfc062723c751e8b465ee728b)  -> (artifact id: 'd19c370abb161066aa79840563c6c69c') in 0.017437 seconds 
========================================================================
Received Import Request.
  Time since last request: 0.000281 seconds.
  path: Assets/Sprites/Structures/General Tiles/tileset_sf_11.asset
  artifactKey: Guid(b3e5b204171344d249ddcf1aed6b2fcd) Importer(815301076,1909f56bfc062723c751e8b465ee728b)
Start importing Assets/Sprites/Structures/General Tiles/tileset_sf_11.asset using Guid(b3e5b204171344d249ddcf1aed6b2fcd) Importer(815301076,1909f56bfc062723c751e8b465ee728b)  -> (artifact id: '962fa31e65b82a5249b52197eeb6a3bf') in 0.025745 seconds 
========================================================================
Received Import Request.
  Time since last request: 0.000148 seconds.
  path: Assets/Sprites/Structures/General Tiles/tileset_sf_92.asset
  artifactKey: Guid(b64d847aa61414600828e78d63fa96c9) Importer(815301076,1909f56bfc062723c751e8b465ee728b)
Start importing Assets/Sprites/Structures/General Tiles/tileset_sf_92.asset using Guid(b64d847aa61414600828e78d63fa96c9) Importer(815301076,1909f56bfc062723c751e8b465ee728b)  -> (artifact id: 'd7c568e985cc7f99804bcdb139c931b2') in 0.020807 seconds 
========================================================================
Received Import Request.
  Time since last request: 0.000068 seconds.
  path: Assets/Sprites/Structures/General Tiles/tileset_sf_116.asset
  artifactKey: Guid(6c26f92403f604415890bfa93d863ee4) Importer(815301076,1909f56bfc062723c751e8b465ee728b)
Start importing Assets/Sprites/Structures/General Tiles/tileset_sf_116.asset using Guid(6c26f92403f604415890bfa93d863ee4) Importer(815301076,1909f56bfc062723c751e8b465ee728b)  -> (artifact id: '2b03f08c61492e7aaf138f3ffbf7531d') in 0.016736 seconds 
========================================================================
Received Import Request.
  Time since last request: 0.000441 seconds.
  path: Assets/Sprites/Structures/General Tiles/tileset_sf_136.asset
  artifactKey: Guid(264fd94d9c11949a1b883003d9ea7847) Importer(815301076,1909f56bfc062723c751e8b465ee728b)
Start importing Assets/Sprites/Structures/General Tiles/tileset_sf_136.asset using Guid(264fd94d9c11949a1b883003d9ea7847) Importer(815301076,1909f56bfc062723c751e8b465ee728b)  -> (artifact id: '19c5bbca570ece8a0871ebc76996b454') in 0.015848 seconds 
========================================================================
Received Import Request.
  Time since last request: 0.000063 seconds.
  path: Assets/Sprites/Structures/General Tiles/tileset_sf_73.asset
  artifactKey: Guid(7ac66a66dde134d1fbcc32f73a410114) Importer(815301076,1909f56bfc062723c751e8b465ee728b)
Start importing Assets/Sprites/Structures/General Tiles/tileset_sf_73.asset using Guid(7ac66a66dde134d1fbcc32f73a410114) Importer(815301076,1909f56bfc062723c751e8b465ee728b)  -> (artifact id: '83471a58f5c1f6bfc9be45a4e29c5316') in 0.046904 seconds 
========================================================================
Received Import Request.
  Time since last request: 0.000067 seconds.
  path: Assets/Sprites/Structures/General Tiles/tileset_sf_108.asset
  artifactKey: Guid(7a848150fa5994885a7e8d75d75223b2) Importer(815301076,1909f56bfc062723c751e8b465ee728b)
Start importing Assets/Sprites/Structures/General Tiles/tileset_sf_108.asset using Guid(7a848150fa5994885a7e8d75d75223b2) Importer(815301076,1909f56bfc062723c751e8b465ee728b)  -> (artifact id: 'a4af6aa02a6c75c00fd07973a7d6000d') in 0.021630 seconds 
========================================================================
Received Import Request.
  Time since last request: 0.000104 seconds.
  path: Assets/Sprites/Structures/General Tiles/tileset_sf_31.asset
  artifactKey: Guid(2545fe4ae2c1b41d1a26a189673c4282) Importer(815301076,1909f56bfc062723c751e8b465ee728b)
Start importing Assets/Sprites/Structures/General Tiles/tileset_sf_31.asset using Guid(2545fe4ae2c1b41d1a26a189673c4282) Importer(815301076,1909f56bfc062723c751e8b465ee728b)  -> (artifact id: '2cdc7c47df668381e3c5095a22ac6655') in 0.024705 seconds 
========================================================================
Received Import Request.
  Time since last request: 0.000277 seconds.
  path: Assets/Sprites/Structures/General Tiles/tileset_sf_104.asset
  artifactKey: Guid(309f7da19137f4d91b3d07768dcccc32) Importer(815301076,1909f56bfc062723c751e8b465ee728b)
Start importing Assets/Sprites/Structures/General Tiles/tileset_sf_104.asset using Guid(309f7da19137f4d91b3d07768dcccc32) Importer(815301076,1909f56bfc062723c751e8b465ee728b)  -> (artifact id: '2282febf03a84aefcb0bbad63810b468') in 0.026642 seconds 
========================================================================
Received Import Request.
  Time since last request: 0.000071 seconds.
  path: Assets/Sprites/Structures/General Tiles/tileset_sf_25.asset
  artifactKey: Guid(d37f6b8a452074914b2f70a8d12f1c5f) Importer(815301076,1909f56bfc062723c751e8b465ee728b)
Start importing Assets/Sprites/Structures/General Tiles/tileset_sf_25.asset using Guid(d37f6b8a452074914b2f70a8d12f1c5f) Importer(815301076,1909f56bfc062723c751e8b465ee728b)  -> (artifact id: '26eb79b2fe0db3b57dce1fcc487e8a2d') in 0.019803 seconds 
========================================================================
Received Import Request.
  Time since last request: 0.000276 seconds.
  path: Assets/Sprites/Structures/General Tiles/tileset_sf_89.asset
  artifactKey: Guid(2228382e1e1b546a5ba0a51f67cfdfe8) Importer(815301076,1909f56bfc062723c751e8b465ee728b)
Start importing Assets/Sprites/Structures/General Tiles/tileset_sf_89.asset using Guid(2228382e1e1b546a5ba0a51f67cfdfe8) Importer(815301076,1909f56bfc062723c751e8b465ee728b)  -> (artifact id: 'f30fb4bef7f5931615c9134ce8d3e572') in 0.021263 seconds 
========================================================================
Received Import Request.
  Time since last request: 0.002240 seconds.
  path: Assets/Sprites/Structures/General Tiles/tileset_sf_126.asset
  artifactKey: Guid(23a0f410f5e8a41cabbbb5d072404cdf) Importer(815301076,1909f56bfc062723c751e8b465ee728b)
Start importing Assets/Sprites/Structures/General Tiles/tileset_sf_126.asset using Guid(23a0f410f5e8a41cabbbb5d072404cdf) Importer(815301076,1909f56bfc062723c751e8b465ee728b)  -> (artifact id: '474ce5029fb950b39c4ea26f846e1e73') in 0.017698 seconds 
========================================================================
Received Import Request.
  Time since last request: 0.000141 seconds.
  path: Assets/Sprites/Structures/General Tiles/tileset_sf_36.asset
  artifactKey: Guid(29cf8c84cf24b4401b9393ea94c9183f) Importer(815301076,1909f56bfc062723c751e8b465ee728b)
Start importing Assets/Sprites/Structures/General Tiles/tileset_sf_36.asset using Guid(29cf8c84cf24b4401b9393ea94c9183f) Importer(815301076,1909f56bfc062723c751e8b465ee728b)  -> (artifact id: '40aa111263942331d94fdf5d361584e3') in 0.016204 seconds 
========================================================================
Received Import Request.
  Time since last request: 0.000074 seconds.
  path: Assets/Sprites/Structures/General Tiles/tileset_sf_60.asset
  artifactKey: Guid(196b58e3960814da89d0bf5e15d9e6ca) Importer(815301076,1909f56bfc062723c751e8b465ee728b)
Start importing Assets/Sprites/Structures/General Tiles/tileset_sf_60.asset using Guid(196b58e3960814da89d0bf5e15d9e6ca) Importer(815301076,1909f56bfc062723c751e8b465ee728b)  -> (artifact id: '9e6f619ba6b482c8c256429dd06fe742') in 0.016397 seconds 
========================================================================
Received Import Request.
  Time since last request: 0.000070 seconds.
  path: Assets/Sprites/Structures/General Tiles/tileset_sf_35.asset
  artifactKey: Guid(de23dd09a0e7b4a3b9ffff36168fbb2e) Importer(815301076,1909f56bfc062723c751e8b465ee728b)
Start importing Assets/Sprites/Structures/General Tiles/tileset_sf_35.asset using Guid(de23dd09a0e7b4a3b9ffff36168fbb2e) Importer(815301076,1909f56bfc062723c751e8b465ee728b)  -> (artifact id: 'df0bb5fd6aa30d6e05cc6229f3a37015') in 0.034566 seconds 
========================================================================
Received Import Request.
  Time since last request: 0.000077 seconds.
  path: Assets/Sprites/Structures/General Tiles/tileset_sf_22.asset
  artifactKey: Guid(7dd570f0082a548eb801fdaf1c0789ca) Importer(815301076,1909f56bfc062723c751e8b465ee728b)
Start importing Assets/Sprites/Structures/General Tiles/tileset_sf_22.asset using Guid(7dd570f0082a548eb801fdaf1c0789ca) Importer(815301076,1909f56bfc062723c751e8b465ee728b)  -> (artifact id: 'ba6b8fd10a50d08cb529c48856087867') in 0.017611 seconds 
========================================================================
Received Import Request.
  Time since last request: 0.000079 seconds.
  path: Assets/Sprites/Structures/General Tiles/tileset_sf_40.asset
  artifactKey: Guid(6f88950b05f514703bf2821f35aeabce) Importer(815301076,1909f56bfc062723c751e8b465ee728b)
Start importing Assets/Sprites/Structures/General Tiles/tileset_sf_40.asset using Guid(6f88950b05f514703bf2821f35aeabce) Importer(815301076,1909f56bfc062723c751e8b465ee728b)  -> (artifact id: 'b091b6856d00e9508432b6a1036f4c9a') in 0.024444 seconds 
========================================================================
Received Import Request.
  Time since last request: 0.000070 seconds.
  path: Assets/Sprites/Structures/General Tiles/tileset_sf_137.asset
  artifactKey: Guid(f8f67696049e343368481a5348ac478d) Importer(815301076,1909f56bfc062723c751e8b465ee728b)
Start importing Assets/Sprites/Structures/General Tiles/tileset_sf_137.asset using Guid(f8f67696049e343368481a5348ac478d) Importer(815301076,1909f56bfc062723c751e8b465ee728b)  -> (artifact id: '4822e7cdbc0c491fada0fefe6c6e6353') in 0.025487 seconds 
========================================================================
Received Import Request.
  Time since last request: 0.000865 seconds.
  path: Assets/Sprites/Structures/General Tiles/tileset_sf_17.asset
  artifactKey: Guid(f8eb9eee478b8449c9eeadbe7b058d8b) Importer(815301076,1909f56bfc062723c751e8b465ee728b)
Start importing Assets/Sprites/Structures/General Tiles/tileset_sf_17.asset using Guid(f8eb9eee478b8449c9eeadbe7b058d8b) Importer(815301076,1909f56bfc062723c751e8b465ee728b)  -> (artifact id: '58973aa0fd9cc7926e87abd075a54f24') in 0.035202 seconds 
========================================================================
Received Import Request.
  Time since last request: 0.000094 seconds.
  path: Assets/Sprites/Structures/General Tiles/tileset_sf_83.asset
  artifactKey: Guid(a0180dac3a4d341979547ed1ea09c8bf) Importer(815301076,1909f56bfc062723c751e8b465ee728b)
Start importing Assets/Sprites/Structures/General Tiles/tileset_sf_83.asset using Guid(a0180dac3a4d341979547ed1ea09c8bf) Importer(815301076,1909f56bfc062723c751e8b465ee728b)  -> (artifact id: '7837bc6493909f86e867c77f18e16ae3') in 0.063294 seconds 
========================================================================
Received Import Request.
  Time since last request: 0.000070 seconds.
  path: Assets/Sprites/Structures/General Tiles/tileset_sf_77.asset
  artifactKey: Guid(fef97e6a11ff0489ca8f73a494935985) Importer(815301076,1909f56bfc062723c751e8b465ee728b)
Start importing Assets/Sprites/Structures/General Tiles/tileset_sf_77.asset using Guid(fef97e6a11ff0489ca8f73a494935985) Importer(815301076,1909f56bfc062723c751e8b465ee728b)  -> (artifact id: '244fdb70d7b7b0bb0a93343e90dea11c') in 0.017663 seconds 
========================================================================
Received Import Request.
  Time since last request: 0.000065 seconds.
  path: Assets/Sprites/Structures/General Tiles/tileset_sf_122.asset
  artifactKey: Guid(e46ed918e884c462a85f656d0708848b) Importer(815301076,1909f56bfc062723c751e8b465ee728b)
Start importing Assets/Sprites/Structures/General Tiles/tileset_sf_122.asset using Guid(e46ed918e884c462a85f656d0708848b) Importer(815301076,1909f56bfc062723c751e8b465ee728b)  -> (artifact id: '08fe6de97c141b2c6a97a07d1f4ee357') in 0.095396 seconds 
========================================================================
Received Import Request.
  Time since last request: 0.000069 seconds.
  path: Assets/Sprites/Structures/General Tiles/tileset_sf_45.asset
  artifactKey: Guid(8559acf607f13425c8c2349b4a35bd5d) Importer(815301076,1909f56bfc062723c751e8b465ee728b)
Start importing Assets/Sprites/Structures/General Tiles/tileset_sf_45.asset using Guid(8559acf607f13425c8c2349b4a35bd5d) Importer(815301076,1909f56bfc062723c751e8b465ee728b)  -> (artifact id: 'bd3a263c995530dc888ba21cfb47f0ca') in 0.045133 seconds 
========================================================================
Received Import Request.
  Time since last request: 0.000064 seconds.
  path: Assets/Sprites/Structures/General Tiles/tileset_sf_12.asset
  artifactKey: Guid(13e3c952659c2491c9b0989456c8ff15) Importer(815301076,1909f56bfc062723c751e8b465ee728b)
Start importing Assets/Sprites/Structures/General Tiles/tileset_sf_12.asset using Guid(13e3c952659c2491c9b0989456c8ff15) Importer(815301076,1909f56bfc062723c751e8b465ee728b)  -> (artifact id: '8c7ff1e72836c15c41ca75d908e48ddb') in 0.056904 seconds 
========================================================================
Received Import Request.
  Time since last request: 0.000079 seconds.
  path: Assets/Sprites/Structures/General Tiles/tileset_sf_74.asset
  artifactKey: Guid(da7c5fe02c80d408381fe984377b4411) Importer(815301076,1909f56bfc062723c751e8b465ee728b)
Start importing Assets/Sprites/Structures/General Tiles/tileset_sf_74.asset using Guid(da7c5fe02c80d408381fe984377b4411) Importer(815301076,1909f56bfc062723c751e8b465ee728b)  -> (artifact id: '5ec66afa465e8de4cc53d10c92bac1d9') in 0.014915 seconds 
========================================================================
Received Import Request.
  Time since last request: 0.000073 seconds.
  path: Assets/Sprites/Structures/General Tiles/tileset_sf_30.asset
  artifactKey: Guid(d4964e5122a534bbeacef79f6cd49fe4) Importer(815301076,1909f56bfc062723c751e8b465ee728b)
Start importing Assets/Sprites/Structures/General Tiles/tileset_sf_30.asset using Guid(d4964e5122a534bbeacef79f6cd49fe4) Importer(815301076,1909f56bfc062723c751e8b465ee728b)  -> (artifact id: '33d01484ee32ab0f1ff71ac75284c094') in 0.019075 seconds 
========================================================================
Received Import Request.
  Time since last request: 0.000092 seconds.
  path: Assets/Sprites/Structures/General Tiles/tileset_sf_75.asset
  artifactKey: Guid(094973d222dd041ad81360faabad7b21) Importer(815301076,1909f56bfc062723c751e8b465ee728b)
Start importing Assets/Sprites/Structures/General Tiles/tileset_sf_75.asset using Guid(094973d222dd041ad81360faabad7b21) Importer(815301076,1909f56bfc062723c751e8b465ee728b)  -> (artifact id: 'ecda4dc00106dffb55cb5327c5d6d4ab') in 0.025577 seconds 
========================================================================
Received Import Request.
  Time since last request: 0.000083 seconds.
  path: Assets/Sprites/Structures/General Tiles/tileset_sf_107.asset
  artifactKey: Guid(f7e87c8129f4347518a52b3a5409d672) Importer(815301076,1909f56bfc062723c751e8b465ee728b)
Start importing Assets/Sprites/Structures/General Tiles/tileset_sf_107.asset using Guid(f7e87c8129f4347518a52b3a5409d672) Importer(815301076,1909f56bfc062723c751e8b465ee728b)  -> (artifact id: 'e9d721eeb880c166f1862b50803d392b') in 0.017950 seconds 
========================================================================
Received Import Request.
  Time since last request: 0.000110 seconds.
  path: Assets/Sprites/Structures/General Tiles/tileset_sf_80.asset
  artifactKey: Guid(bc118df16945c400287fa9aa89267573) Importer(815301076,1909f56bfc062723c751e8b465ee728b)
Start importing Assets/Sprites/Structures/General Tiles/tileset_sf_80.asset using Guid(bc118df16945c400287fa9aa89267573) Importer(815301076,1909f56bfc062723c751e8b465ee728b)  -> (artifact id: 'a4f69db14b1052a33473db7985928e6c') in 0.033397 seconds 
========================================================================
Received Import Request.
  Time since last request: 0.000151 seconds.
  path: Assets/Sprites/Structures/General Tiles/tileset_sf_58.asset
  artifactKey: Guid(a7cf5585c2c604e9d85af8d3204ed6bf) Importer(815301076,1909f56bfc062723c751e8b465ee728b)
Start importing Assets/Sprites/Structures/General Tiles/tileset_sf_58.asset using Guid(a7cf5585c2c604e9d85af8d3204ed6bf) Importer(815301076,1909f56bfc062723c751e8b465ee728b)  -> (artifact id: 'dccd681402a4b836f798cdc8352c2dce') in 0.019735 seconds 
========================================================================
Received Import Request.
  Time since last request: 0.000074 seconds.
  path: Assets/Sprites/Structures/General Tiles/tileset_sf_125.asset
  artifactKey: Guid(6901f9fb5043b43479d6819ef5695eb8) Importer(815301076,1909f56bfc062723c751e8b465ee728b)
Start importing Assets/Sprites/Structures/General Tiles/tileset_sf_125.asset using Guid(6901f9fb5043b43479d6819ef5695eb8) Importer(815301076,1909f56bfc062723c751e8b465ee728b)  -> (artifact id: '4b2b56f00b37238b3463500d05799bf6') in 0.017922 seconds 
========================================================================
Received Import Request.
  Time since last request: 0.000070 seconds.
  path: Assets/Sprites/Structures/General Tiles/tileset_sf_97.asset
  artifactKey: Guid(c9168199f668f45299fe644a5100bca2) Importer(815301076,1909f56bfc062723c751e8b465ee728b)
Start importing Assets/Sprites/Structures/General Tiles/tileset_sf_97.asset using Guid(c9168199f668f45299fe644a5100bca2) Importer(815301076,1909f56bfc062723c751e8b465ee728b)  -> (artifact id: '9468c937561156a78a17b85a0ffc7352') in 0.032280 seconds 
========================================================================
Received Import Request.
  Time since last request: 0.000159 seconds.
  path: Assets/Sprites/Structures/General Tiles/tileset_sf_117.asset
  artifactKey: Guid(97cc3436432574097b3d80ffd089199a) Importer(815301076,1909f56bfc062723c751e8b465ee728b)
Start importing Assets/Sprites/Structures/General Tiles/tileset_sf_117.asset using Guid(97cc3436432574097b3d80ffd089199a) Importer(815301076,1909f56bfc062723c751e8b465ee728b)  -> (artifact id: '6ca83995a9e0ef3ce8c3e937429d753c') in 0.021609 seconds 
========================================================================
Received Import Request.
  Time since last request: 0.000074 seconds.
  path: Assets/Sprites/Structures/General Tiles/tileset_sf_24.asset
  artifactKey: Guid(6167d39ab37824e68b34c5deef364d95) Importer(815301076,1909f56bfc062723c751e8b465ee728b)
Start importing Assets/Sprites/Structures/General Tiles/tileset_sf_24.asset using Guid(6167d39ab37824e68b34c5deef364d95) Importer(815301076,1909f56bfc062723c751e8b465ee728b)  -> (artifact id: 'ffbf87b534074c96121c58d431be25cb') in 0.026444 seconds 
========================================================================
Received Import Request.
  Time since last request: 0.000079 seconds.
  path: Assets/Sprites/Structures/General Tiles/tileset_sf_4.asset
  artifactKey: Guid(8334157e374384c54a036709db023a6a) Importer(815301076,1909f56bfc062723c751e8b465ee728b)
Start importing Assets/Sprites/Structures/General Tiles/tileset_sf_4.asset using Guid(8334157e374384c54a036709db023a6a) Importer(815301076,1909f56bfc062723c751e8b465ee728b)  -> (artifact id: 'f7474ba45a0e1f5bd3994c5970b56e96') in 0.018504 seconds 
========================================================================
Received Import Request.
  Time since last request: 0.000079 seconds.
  path: Assets/Sprites/Structures/General Tiles/tileset_sf_6.asset
  artifactKey: Guid(07c0ac85ef4bd46799305d7d3ad36813) Importer(815301076,1909f56bfc062723c751e8b465ee728b)
Start importing Assets/Sprites/Structures/General Tiles/tileset_sf_6.asset using Guid(07c0ac85ef4bd46799305d7d3ad36813) Importer(815301076,1909f56bfc062723c751e8b465ee728b)  -> (artifact id: '5ae621afbd30478be2962934391d9ce5') in 0.015985 seconds 
========================================================================
Received Import Request.
  Time since last request: 0.000067 seconds.
  path: Assets/Sprites/Structures/General Tiles/tileset_sf_95.asset
  artifactKey: Guid(be104825771734cb5b23a135cc3bc753) Importer(815301076,1909f56bfc062723c751e8b465ee728b)
Start importing Assets/Sprites/Structures/General Tiles/tileset_sf_95.asset using Guid(be104825771734cb5b23a135cc3bc753) Importer(815301076,1909f56bfc062723c751e8b465ee728b)  -> (artifact id: '8574ffc013f46849d4589d8f41b251fd') in 0.028695 seconds 
========================================================================
Received Import Request.
  Time since last request: 0.000076 seconds.
  path: Assets/Sprites/Structures/General Tiles/tileset_sf_85.asset
  artifactKey: Guid(767f724b536e347398bda8ff8bcbb6b0) Importer(815301076,1909f56bfc062723c751e8b465ee728b)
Start importing Assets/Sprites/Structures/General Tiles/tileset_sf_85.asset using Guid(767f724b536e347398bda8ff8bcbb6b0) Importer(815301076,1909f56bfc062723c751e8b465ee728b)  -> (artifact id: 'b8959ac68805f65e3ac02fb161921f31') in 0.047234 seconds 
========================================================================
Received Import Request.
  Time since last request: 0.003160 seconds.
  path: Assets/Sprites/Structures/General Tiles/tileset_sf_3.asset
  artifactKey: Guid(a38aa6275ab9e44cfa830656e65a7b23) Importer(815301076,1909f56bfc062723c751e8b465ee728b)
Start importing Assets/Sprites/Structures/General Tiles/tileset_sf_3.asset using Guid(a38aa6275ab9e44cfa830656e65a7b23) Importer(815301076,1909f56bfc062723c751e8b465ee728b)  -> (artifact id: 'ce17ebc76ca08a7fa791676a70c72425') in 0.036018 seconds 
========================================================================
Received Import Request.
  Time since last request: 0.001347 seconds.
  path: Assets/Sprites/Structures/General Tiles/tileset_sf_44.asset
  artifactKey: Guid(96e9c64cfb93b4607a83159543594392) Importer(815301076,1909f56bfc062723c751e8b465ee728b)
Start importing Assets/Sprites/Structures/General Tiles/tileset_sf_44.asset using Guid(96e9c64cfb93b4607a83159543594392) Importer(815301076,1909f56bfc062723c751e8b465ee728b)  -> (artifact id: '5526ab72a3233e9fc3fcf519610768f0') in 0.026770 seconds 
========================================================================
Received Import Request.
  Time since last request: 0.000071 seconds.
  path: Assets/Sprites/Structures/General Tiles/tileset_sf_131.asset
  artifactKey: Guid(8ebd37a3c1ac1425798cd3eedaf07d6b) Importer(815301076,1909f56bfc062723c751e8b465ee728b)
Start importing Assets/Sprites/Structures/General Tiles/tileset_sf_131.asset using Guid(8ebd37a3c1ac1425798cd3eedaf07d6b) Importer(815301076,1909f56bfc062723c751e8b465ee728b)  -> (artifact id: 'fd9454eaaabfd819968e26281a767875') in 0.018672 seconds 
========================================================================
Received Import Request.
  Time since last request: 0.000077 seconds.
  path: Assets/Sprites/Structures/General Tiles/tileset_sf_124.asset
  artifactKey: Guid(06804114a144449d6ae9cf00ecf54c3d) Importer(815301076,1909f56bfc062723c751e8b465ee728b)
Start importing Assets/Sprites/Structures/General Tiles/tileset_sf_124.asset using Guid(06804114a144449d6ae9cf00ecf54c3d) Importer(815301076,1909f56bfc062723c751e8b465ee728b)  -> (artifact id: '0c29fe8bdb6c508a5b2f35be3e6a492b') in 0.017436 seconds 
========================================================================
Received Import Request.
  Time since last request: 0.000086 seconds.
  path: Assets/Sprites/Structures/General Tiles/tileset_sf_84.asset
  artifactKey: Guid(2671c3f70bbcf45459086de55b80aa9f) Importer(815301076,1909f56bfc062723c751e8b465ee728b)
Start importing Assets/Sprites/Structures/General Tiles/tileset_sf_84.asset using Guid(2671c3f70bbcf45459086de55b80aa9f) Importer(815301076,1909f56bfc062723c751e8b465ee728b)  -> (artifact id: '5685689a645a3c2d7ae66e5d0b5fca94') in 0.032453 seconds 
========================================================================
Received Import Request.
  Time since last request: 0.000076 seconds.
  path: Assets/Sprites/Structures/General Tiles/tileset_sf_8.asset
  artifactKey: Guid(bad96283a44604a758be291a2b774f0e) Importer(815301076,1909f56bfc062723c751e8b465ee728b)
Start importing Assets/Sprites/Structures/General Tiles/tileset_sf_8.asset using Guid(bad96283a44604a758be291a2b774f0e) Importer(815301076,1909f56bfc062723c751e8b465ee728b)  -> (artifact id: '73bf8e843e35986e4a31b9c5f0488bde') in 0.033488 seconds 
========================================================================
Received Import Request.
  Time since last request: 0.000086 seconds.
  path: Assets/Sprites/Structures/General Tiles/tileset_sf_120.asset
  artifactKey: Guid(804652fdbb960416fa9f0664a1436328) Importer(815301076,1909f56bfc062723c751e8b465ee728b)
Start importing Assets/Sprites/Structures/General Tiles/tileset_sf_120.asset using Guid(804652fdbb960416fa9f0664a1436328) Importer(815301076,1909f56bfc062723c751e8b465ee728b)  -> (artifact id: '60cad1e313a618ffa1020200306cfeef') in 0.031085 seconds 
========================================================================
Received Import Request.
  Time since last request: 0.000063 seconds.
  path: Assets/Sprites/Structures/General Tiles/tileset_sf_86.asset
  artifactKey: Guid(3465a84264f1744df94f63696f8672d8) Importer(815301076,1909f56bfc062723c751e8b465ee728b)
Start importing Assets/Sprites/Structures/General Tiles/tileset_sf_86.asset using Guid(3465a84264f1744df94f63696f8672d8) Importer(815301076,1909f56bfc062723c751e8b465ee728b)  -> (artifact id: '83ed73cfcad74392a1715d8deea9453c') in 0.030271 seconds 
========================================================================
Received Import Request.
  Time since last request: 0.000076 seconds.
  path: Assets/Sprites/Structures/General Tiles/tileset_sf_139.asset
  artifactKey: Guid(6bb75cb402b5e4adbb6ac0ae31f5661a) Importer(815301076,1909f56bfc062723c751e8b465ee728b)
Start importing Assets/Sprites/Structures/General Tiles/tileset_sf_139.asset using Guid(6bb75cb402b5e4adbb6ac0ae31f5661a) Importer(815301076,1909f56bfc062723c751e8b465ee728b)  -> (artifact id: 'b2187dbed5305660e8b01d63ce58adf7') in 0.017751 seconds 
========================================================================
Received Import Request.
  Time since last request: 0.000071 seconds.
  path: Assets/Sprites/Structures/General Tiles/tileset_sf_111.asset
  artifactKey: Guid(8927e90fd68a246ba976bc338b746e98) Importer(815301076,1909f56bfc062723c751e8b465ee728b)
Start importing Assets/Sprites/Structures/General Tiles/tileset_sf_111.asset using Guid(8927e90fd68a246ba976bc338b746e98) Importer(815301076,1909f56bfc062723c751e8b465ee728b)  -> (artifact id: '25fcfc41b08410ff96fc2f1f3d356843') in 0.017944 seconds 
========================================================================
Received Import Request.
  Time since last request: 0.000069 seconds.
  path: Assets/Sprites/Structures/General Tiles/tileset_sf_38.asset
  artifactKey: Guid(5e9d1c81802224c0484912b90811bdfc) Importer(815301076,1909f56bfc062723c751e8b465ee728b)
Start importing Assets/Sprites/Structures/General Tiles/tileset_sf_38.asset using Guid(5e9d1c81802224c0484912b90811bdfc) Importer(815301076,1909f56bfc062723c751e8b465ee728b)  -> (artifact id: '407c3e32f5782e6bae911818ae1e89d7') in 0.025444 seconds 
========================================================================
Received Import Request.
  Time since last request: 0.000107 seconds.
  path: Assets/Sprites/Structures/General Tiles/tileset_sf_87.asset
  artifactKey: Guid(c89451641718c4a03836df3459bb9f8d) Importer(815301076,1909f56bfc062723c751e8b465ee728b)
Start importing Assets/Sprites/Structures/General Tiles/tileset_sf_87.asset using Guid(c89451641718c4a03836df3459bb9f8d) Importer(815301076,1909f56bfc062723c751e8b465ee728b)  -> (artifact id: '2d3a0836930726309c067a862c084d8f') in 0.050609 seconds 
========================================================================
Received Import Request.
  Time since last request: 0.000167 seconds.
  path: Assets/Sprites/Structures/General Tiles/tileset_sf_94.asset
  artifactKey: Guid(2724229b9e5884c3782becd7d4247007) Importer(815301076,1909f56bfc062723c751e8b465ee728b)
Start importing Assets/Sprites/Structures/General Tiles/tileset_sf_94.asset using Guid(2724229b9e5884c3782becd7d4247007) Importer(815301076,1909f56bfc062723c751e8b465ee728b)  -> (artifact id: '2308610b53dbe2defc203a73a15daf5a') in 0.027495 seconds 
========================================================================
Received Import Request.
  Time since last request: 0.000564 seconds.
  path: Assets/Sprites/Structures/General Tiles/tileset_sf_123.asset
  artifactKey: Guid(409770d8841f741dfa204cbc6c63aad2) Importer(815301076,1909f56bfc062723c751e8b465ee728b)
Start importing Assets/Sprites/Structures/General Tiles/tileset_sf_123.asset using Guid(409770d8841f741dfa204cbc6c63aad2) Importer(815301076,1909f56bfc062723c751e8b465ee728b)  -> (artifact id: '59613c52b757b4b14ca1c7d52c5ca474') in 0.019800 seconds 
========================================================================
Received Import Request.
  Time since last request: 0.005485 seconds.
  path: Assets/Sprites/Structures/General Tiles/tileset_sf_121.asset
  artifactKey: Guid(5de98c2d5b5a44218aad554ab693d3a7) Importer(815301076,1909f56bfc062723c751e8b465ee728b)
Start importing Assets/Sprites/Structures/General Tiles/tileset_sf_121.asset using Guid(5de98c2d5b5a44218aad554ab693d3a7) Importer(815301076,1909f56bfc062723c751e8b465ee728b)  -> (artifact id: '66f4439fbd9688c3e1502721604c9493') in 0.026450 seconds 
========================================================================
Received Import Request.
  Time since last request: 0.004666 seconds.
  path: Assets/Sprites/Structures/General Tiles/tileset_sf_29.asset
  artifactKey: Guid(6c33c9f1bf8ad4a82aad9fa64aee4e82) Importer(815301076,1909f56bfc062723c751e8b465ee728b)
Start importing Assets/Sprites/Structures/General Tiles/tileset_sf_29.asset using Guid(6c33c9f1bf8ad4a82aad9fa64aee4e82) Importer(815301076,1909f56bfc062723c751e8b465ee728b)  -> (artifact id: '7eee9d89eb609577b6c9d902432f6d9e') in 0.023416 seconds 
========================================================================
Received Import Request.
  Time since last request: 0.000074 seconds.
  path: Assets/Sprites/Structures/General Tiles/tileset_sf_78.asset
  artifactKey: Guid(912676519f9df4601ac9a7c548213767) Importer(815301076,1909f56bfc062723c751e8b465ee728b)
Start importing Assets/Sprites/Structures/General Tiles/tileset_sf_78.asset using Guid(912676519f9df4601ac9a7c548213767) Importer(815301076,1909f56bfc062723c751e8b465ee728b)  -> (artifact id: '1d806a06c65351db3b4f423d2abc256f') in 0.028237 seconds 
========================================================================
Received Import Request.
  Time since last request: 0.000095 seconds.
  path: Assets/Sprites/Structures/General Tiles/tileset_sf_65.asset
  artifactKey: Guid(0ddd981cd391c4cd7a6f5c6dabe5b998) Importer(815301076,1909f56bfc062723c751e8b465ee728b)
Start importing Assets/Sprites/Structures/General Tiles/tileset_sf_65.asset using Guid(0ddd981cd391c4cd7a6f5c6dabe5b998) Importer(815301076,1909f56bfc062723c751e8b465ee728b)  -> (artifact id: 'c82434cfdbc845c9431db583dde8955b') in 0.031636 seconds 
========================================================================
Received Import Request.
  Time since last request: 0.000090 seconds.
  path: Assets/Sprites/Structures/General Tiles/tileset_sf_56.asset
  artifactKey: Guid(9a1e66f681d8e4593ae285da18bc7e77) Importer(815301076,1909f56bfc062723c751e8b465ee728b)
Start importing Assets/Sprites/Structures/General Tiles/tileset_sf_56.asset using Guid(9a1e66f681d8e4593ae285da18bc7e77) Importer(815301076,1909f56bfc062723c751e8b465ee728b)  -> (artifact id: 'dee72dbcf817c596764f4519a1c80b9e') in 0.024896 seconds 
========================================================================
Received Import Request.
  Time since last request: 0.000080 seconds.
  path: Assets/Sprites/Structures/General Tiles/tileset_sf_133.asset
  artifactKey: Guid(3dd6585d97bed47c3a15ac7ae21e28c9) Importer(815301076,1909f56bfc062723c751e8b465ee728b)
Start importing Assets/Sprites/Structures/General Tiles/tileset_sf_133.asset using Guid(3dd6585d97bed47c3a15ac7ae21e28c9) Importer(815301076,1909f56bfc062723c751e8b465ee728b)  -> (artifact id: '8b6e501d3b394afa024c430beedae5d4') in 0.026256 seconds 
========================================================================
Received Import Request.
  Time since last request: 0.000091 seconds.
  path: Assets/Sprites/Structures/General Tiles/tileset_sf_105.asset
  artifactKey: Guid(e204535fd69bc4e819a6bc88bbfd0615) Importer(815301076,1909f56bfc062723c751e8b465ee728b)
Start importing Assets/Sprites/Structures/General Tiles/tileset_sf_105.asset using Guid(e204535fd69bc4e819a6bc88bbfd0615) Importer(815301076,1909f56bfc062723c751e8b465ee728b)  -> (artifact id: 'c3d329b7a167d1d7dc864aed5f7a3740') in 0.038349 seconds 
========================================================================
Received Import Request.
  Time since last request: 0.000086 seconds.
  path: Assets/Sprites/Structures/General Tiles/tileset_sf_98.asset
  artifactKey: Guid(d388955b9a09547ac8ecef09b75d8e4f) Importer(815301076,1909f56bfc062723c751e8b465ee728b)
Start importing Assets/Sprites/Structures/General Tiles/tileset_sf_98.asset using Guid(d388955b9a09547ac8ecef09b75d8e4f) Importer(815301076,1909f56bfc062723c751e8b465ee728b)  -> (artifact id: '62be221965c62306c8af9a55b44acae9') in 0.018024 seconds 
========================================================================
Received Import Request.
  Time since last request: 0.000063 seconds.
  path: Assets/Sprites/Structures/General Tiles/tileset_sf_110.asset
  artifactKey: Guid(0ed5602bd53ea4130b9d8f62bdbb4644) Importer(815301076,1909f56bfc062723c751e8b465ee728b)
Start importing Assets/Sprites/Structures/General Tiles/tileset_sf_110.asset using Guid(0ed5602bd53ea4130b9d8f62bdbb4644) Importer(815301076,1909f56bfc062723c751e8b465ee728b)  -> (artifact id: '43095e8ff899a8345b4a4ba81ff14f19') in 0.017169 seconds 
========================================================================
Received Import Request.
  Time since last request: 0.000102 seconds.
  path: Assets/Sprites/Structures/General Tiles/tileset_sf_72.asset
  artifactKey: Guid(8a715b07a1cd241179cfe64aff571763) Importer(815301076,1909f56bfc062723c751e8b465ee728b)
Start importing Assets/Sprites/Structures/General Tiles/tileset_sf_72.asset using Guid(8a715b07a1cd241179cfe64aff571763) Importer(815301076,1909f56bfc062723c751e8b465ee728b)  -> (artifact id: '34344e0c3f534cffcee530d2e6af1646') in 0.030981 seconds 
========================================================================
Received Import Request.
  Time since last request: 0.000069 seconds.
  path: Assets/Sprites/Structures/General Tiles/tileset_sf_61.asset
  artifactKey: Guid(e134df144bf36484d9ae475650eca7ca) Importer(815301076,1909f56bfc062723c751e8b465ee728b)
Start importing Assets/Sprites/Structures/General Tiles/tileset_sf_61.asset using Guid(e134df144bf36484d9ae475650eca7ca) Importer(815301076,1909f56bfc062723c751e8b465ee728b)  -> (artifact id: '571cf0bae96211dcb9cf2d0e2124a12d') in 0.029623 seconds 
Editor requested this worker to shutdown with reason: Scaling down because of idle timeout
AssetImportWorker is now disconnected from the server
Process exiting
